--------------------------------
Node 1 out of 197
CONNECTION: planetlab1.urv.cat
LOGGED IN
planetlab1.urv.cat|2|16K|9.6G|5:28|0.21, 0.20, 0.17|06:33:19|No PHP
--------------------------------
Node 2 out of 197
CONNECTION: planetlab-2.man.poznan.pl
LOGGED IN
planetlab-2.man.poznan.pl|2|16K|9.6G|5:24|1.89, 2.22, 2.34|06:33:21|No PHP
--------------------------------
Node 3 out of 197
CONNECTION: planetlab1.cs.du.edu
LOGGED IN
planetlab1.cs.du.edu|2|16K|9.6G|4:21|20.03, 20.15, 18.61|06:33:22|No PHP
--------------------------------
Node 4 out of 197
CONNECTION: pl1.6test.edu.cn
LOGGED IN
pl1.6test.edu.cn|2|16K|9.6G|4:15|2.59, 2.83, 2.96|06:33:26|No PHP
--------------------------------
Node 5 out of 197
CONNECTION: planetlab-01.vt.nodes.planet-lab.org
LOGGED IN
planetlab-01.vt.nodes.planet-lab.org|2|16K|9.6G|4:42|9.28, 5.51, 4.62|06:33:27|No PHP
--------------------------------
Node 6 out of 197
CONNECTION: planetlab1.mini.pw.edu.pl
LOGGED IN
planetlab1.mini.pw.edu.pl|2|16K|9.6G|5:33|0.21, 0.28, 0.31|06:33:29|No PHP
--------------------------------
Node 7 out of 197
CONNECTION: pl2.uni-rostock.de
NOLOGIN 
--------------------------------
Node 8 out of 197
NO CONNECTION: planetlab2.fri.uni-lj.si
--------------------------------
Node 9 out of 197
NO CONNECTION: marie.iet.unipi.it
--------------------------------
Node 10 out of 197
NO CONNECTION: planetlab2-buenosaires.lan.redclara.net
--------------------------------
Node 11 out of 197
CONNECTION: planetlab1.citadel.edu
LOGGED IN
planetlab1.citadel.edu|2|16K|9.6G|5:31|6.57, 10.33, 11.09|06:51:34|No PHP
--------------------------------
Node 12 out of 197
CONNECTION: planetlab1.csee.usf.edu
LOGGED IN
planetlab1.csee.usf.edu|2|16K|9.6G|5:30|5.18, 4.90, 4.41|06:33:38|No PHP
--------------------------------
Node 13 out of 197
CONNECTION: roti.mimuw.edu.pl
NOLOGIN 
--------------------------------
Node 14 out of 197
CONNECTION: planetlab-2.sjtu.edu.cn
LOGGED IN
planetlab-2.sjtu.edu.cn|2|16K|9.6G|6:03|2.11, 2.04, 2.04|06:33:43|No PHP
--------------------------------
Node 15 out of 197
CONNECTION: aladdin.planetlab.extranet.uni-passau.de
NOLOGIN 
--------------------------------
Node 16 out of 197
NO CONNECTION: planetlab2.hiit.fi
--------------------------------
Node 17 out of 197
NO CONNECTION: planetlab1.hiit.fi
--------------------------------
Node 18 out of 197
CONNECTION: salt.planetlab.cs.umd.edu
LOGGED IN
salt.planetlab.cs.umd.edu|2|16K|9.6G|4:36|0.42, 0.66, 0.72|06:33:49|No PHP
--------------------------------
Node 19 out of 197
CONNECTION: planetlab1.ustc.edu.cn
LOGGED IN
planetlab1.ustc.edu.cn|2|16K|9.6G|5:45|1.67, 1.94, 1.92|06:33:54|No PHP
--------------------------------
Node 20 out of 197
CONNECTION: planetlab1.utdallas.edu
LOGGED IN
planetlab1.utdallas.edu|2|16K|9.6G|3:50|5.13, 6.62, 6.43|06:34:00|No PHP
--------------------------------
Node 21 out of 197
NO CONNECTION: planetlab-2.cs.colostate.edu
--------------------------------
Node 22 out of 197
CONNECTION: planetlab2.jcp-consult.net
LOGGED IN
planetlab2.jcp-consult.net|2|16K|9.6G|5:31|2.03, 2.42, 2.36|06:34:05|No PHP
--------------------------------
Node 23 out of 197
CONNECTION: pl2.6test.edu.cn
LOGGED IN
pl2.6test.edu.cn|2|16K|9.6G|5:35|2.91, 2.40, 2.43|06:34:10|No PHP
--------------------------------
Node 24 out of 197
CONNECTION: lefthand.eecs.harvard.edu
LOGGED IN
lefthand.eecs.harvard.edu|2|20K|9.6G|5:46|8.79, 8.52, 8.71|06:34:14|No PHP
--------------------------------
Node 25 out of 197
NO CONNECTION: planetlab01.dis.unina.it
--------------------------------
Node 26 out of 197
CONNECTION: planetlab1.jcp-consult.net
NOLOGIN 
--------------------------------
Node 27 out of 197
CONNECTION: planetlab-2.cse.ohio-state.edu
NOLOGIN 
--------------------------------
Node 28 out of 197
CONNECTION: planetlab2.utdallas.edu
LOGGED IN
planetlab2.utdallas.edu|2|16K|9.6G|5:36|3.43, 6.09, 5.92|06:34:24|No PHP
--------------------------------
Node 29 out of 197
CONNECTION: planetlab3.wail.wisc.edu
LOGGED IN
planetlab3.wail.wisc.edu|2|16K|9.6G|4:37|10.56, 10.12, 9.10|06:34:26|No PHP
--------------------------------
Node 30 out of 197
NO CONNECTION: ple01.fc.univie.ac.at
--------------------------------
Node 31 out of 197
NO CONNECTION: onelab1.warsaw.rd.tp.pl
--------------------------------
Node 32 out of 197
CONNECTION: planetlab2.cs.uml.edu
LOGGED IN
planetlab2.cs.uml.edu|2|16K|9.6G|5:58|1.58, 1.71, 1.73|06:34:30|No PHP
--------------------------------
Node 33 out of 197
CONNECTION: host4.planetlab.informatik.tu-darmstadt.de
NOLOGIN 
--------------------------------
Node 34 out of 197
NO CONNECTION: planetlab-1.imperial.ac.uk
--------------------------------
Node 35 out of 197
NO CONNECTION: planetlab-2.imag.fr
--------------------------------
Node 36 out of 197
CONNECTION: dplanet1.uoc.edu
LOGGED IN
dplanet1.uoc.edu|2|16K|9.6G|5:35|0.61, 0.52, 0.45|06:34:38|No PHP
--------------------------------
Node 37 out of 197
CONNECTION: planetlab2.upc.es
LOGGED IN
planetlab2.upc.es|2|16K|9.6G|5:28|3.08, 2.91, 2.99|06:34:41|No PHP
--------------------------------
Node 38 out of 197
CONNECTION: utet.ii.uam.es
LOGGED IN
utet.ii.uam.es|2|16K|9.6G|5:15|0.23, 0.35, 0.61|06:35:03|No PHP
--------------------------------
Node 39 out of 197
CONNECTION: planetlab1.utt.fr
LOGGED IN
planetlab1.utt.fr|2|16K|9.6G|5:27|2.30, 2.35, 2.42|06:35:05|No PHP
--------------------------------
Node 40 out of 197
CONNECTION: planetlab1.sfc.wide.ad.jp
LOGGED IN
planetlab1.sfc.wide.ad.jp|2|16K|9.6G|5:20|6.71, 5.91, 5.42|06:35:08|No PHP
--------------------------------
Node 41 out of 197
CONNECTION: planetlab1.uta.edu
LOGGED IN
planetlab1.uta.edu|2|16K|9.6G|3:58|289.12, 288.44, 285.74|06:35:11|No PHP
--------------------------------
Node 42 out of 197
CONNECTION: planetlab1.cnis.nyit.edu
NOLOGIN 
--------------------------------
Node 43 out of 197
CONNECTION: pl2.cs.montana.edu
LOGGED IN
pl2.cs.montana.edu|2|16K|9.6G|5:52|1.46, 1.69, 1.66|06:35:13|No PHP
--------------------------------
Node 44 out of 197
CONNECTION: planetlab3.net.in.tum.de
LOGGED IN
planetlab3.net.in.tum.de|2|4|79G|3 days 13:33|0.08, 0.24, 0.30|06:35:15|No PHP
--------------------------------
Node 45 out of 197
NO CONNECTION: planetlab2.dit.upm.es
--------------------------------
Node 46 out of 197
CONNECTION: planetlab1.cqupt.edu.cn
LOGGED IN
planetlab1.cqupt.edu.cn|2|16K|9.6G|4:29|2.60, 2.44, 2.52|06:35:32|No PHP
--------------------------------
Node 47 out of 197
CONNECTION: planetvs2.informatik.uni-stuttgart.de
LOGGED IN
planetvs2.informatik.uni-stuttgart.de|2|16K|9.6G|5:37|1.19, 1.17, 1.11|06:35:34|No PHP
--------------------------------
Node 48 out of 197
NO CONNECTION: planetlab-2.scie.uestc.edu.cn
--------------------------------
Node 49 out of 197
CONNECTION: pli1-pa-3.hpl.hp.com
LOGGED IN
pli1-pa-3.hpl.hp.com|2|16K|9.6G|4:13|0.67, 1.40, 1.12|06:35:38|No PHP
--------------------------------
Node 50 out of 197
CONNECTION: pl2.eng.monash.edu.au
LOGGED IN
pl2.eng.monash.edu.au|2|16K|9.6G|4:44|2.88, 3.09, 3.07|06:35:47|No PHP
--------------------------------
Node 51 out of 197
CONNECTION: planetlab-1.ssvl.kth.se
LOGGED IN
planetlab-1.ssvl.kth.se|2|16K|9.6G|4:11|12.08, 14.14, 14.91|06:35:55|No PHP
--------------------------------
Node 52 out of 197
NO CONNECTION: node2pl.planet-lab.telecom-lille1.eu
--------------------------------
Node 53 out of 197
NO CONNECTION: planetlab2.upm.ro
--------------------------------
Node 54 out of 197
CONNECTION: planetlab1.tmit.bme.hu
LOGGED IN
planetlab1.tmit.bme.hu|2|16K|9.6G|5:39|0.28, 0.24, 0.19|06:36:01|No PHP
--------------------------------
Node 55 out of 197
CONNECTION: planetlab2.cs.okstate.edu
NOLOGIN 
--------------------------------
Node 56 out of 197
CONNECTION: planetlab1.clemson.edu
NOLOGIN 
--------------------------------
Node 57 out of 197
CONNECTION: planetlab2.clemson.edu
NOLOGIN 
--------------------------------
Node 58 out of 197
CONNECTION: planetlab-2.fhi-fokus.de
LOGGED IN
planetlab-2.fhi-fokus.de|2|4|227G|76 days 17:14|0.37, 0.48, 0.50|06:36:06|No PHP
--------------------------------
Node 59 out of 197
ping: unknown host pl2.ccsrfi.net
NO CONNECTION: pl2.ccsrfi.net
--------------------------------
Node 60 out of 197
CONNECTION: peeramidion.irisa.fr
NOLOGIN 
--------------------------------
Node 61 out of 197
ping: unknown host pl1.ccsrfi.net
NO CONNECTION: pl1.ccsrfi.net
--------------------------------
Node 62 out of 197
CONNECTION: planetlab2.netlab.uky.edu
LOGGED IN
planetlab2.netlab.uky.edu|2|16K|9.6G|4:32|17.64, 18.89, 19.28|06:36:53|No PHP
--------------------------------
Node 63 out of 197
CONNECTION: planetlab-um00.di.uminho.pt
NOLOGIN 
--------------------------------
Node 64 out of 197
CONNECTION: planetlab2.cs.otago.ac.nz
LOGGED IN
planetlab2.cs.otago.ac.nz|2|16K|9.6G|4:33|4.33, 5.31, 4.68|06:37:00|No PHP
--------------------------------
Node 65 out of 197
NO CONNECTION: planetlab2.tau.ac.il
--------------------------------
Node 66 out of 197
CONNECTION: planet-lab1.uba.ar
LOGGED IN
planet-lab1.uba.ar|2|16K|9.6G|2:10|351.95, 350.88, 347.71|06:37:06|No PHP
--------------------------------
Node 67 out of 197
CONNECTION: dannan.disy.inf.uni-konstanz.de
NOLOGIN 
--------------------------------
Node 68 out of 197
NO CONNECTION: 147-179.surfsnel.dsl.internl.net
--------------------------------
Node 69 out of 197
CONNECTION: plab4.ple.silweb.pl
LOGGED IN
plab4.ple.silweb.pl|2|16K|9.6G|5:36|6.67, 9.06, 10.13|06:37:11|No PHP
--------------------------------
Node 70 out of 197
CONNECTION: planetlab2.sfc.wide.ad.jp
NOLOGIN 
--------------------------------
Node 71 out of 197
CONNECTION: 75-130-96-12.static.oxfr.ma.charter.com
LOGGED IN
75-130-96-12.static.oxfr.ma.charter.com|2|16K|9.6G|5:26|394.96, 393.99, 391.09|06:37:14|No PHP
--------------------------------
Node 72 out of 197
NO CONNECTION: planetlab02.dis.unina.it
--------------------------------
Node 73 out of 197
NO CONNECTION: planetlab-1.imag.fr
--------------------------------
Node 74 out of 197
CONNECTION: node2.planetlab.mathcs.emory.edu
LOGGED IN
node2.planetlab.mathcs.emory.edu|2|16K|9.6G|4:11|15.69, 15.98, 15.75|06:37:19|No PHP
--------------------------------
Node 75 out of 197
CONNECTION: planetlab1.informatik.uni-goettingen.de
LOGGED IN
planetlab1.informatik.uni-goettingen.de|2|16K|9.6G|5:35|2.72, 2.01, 1.65|06:28:16|No PHP
--------------------------------
Node 76 out of 197
NO CONNECTION: planet2.l3s.uni-hannover.de
--------------------------------
Node 77 out of 197
CONNECTION: planetlab-js2.cert.org.cn
LOGGED IN
planetlab-js2.cert.org.cn|2|16K|9.6G|6:01|1.55, 1.68, 1.74|06:37:28|No PHP
--------------------------------
Node 78 out of 197
CONNECTION: planetlab-1.sjtu.edu.cn
LOGGED IN
planetlab-1.sjtu.edu.cn|2|16K|9.6G|5:08|1.83, 1.90, 1.97|06:37:32|No PHP
--------------------------------
Node 79 out of 197
CONNECTION: planetlab1.eecs.umich.edu
LOGGED IN
planetlab1.eecs.umich.edu|2|16K|9.6G|5:45|48.33, 50.80, 52.97|06:37:38|No PHP
--------------------------------
Node 80 out of 197
CONNECTION: pl4.cs.unm.edu
LOGGED IN
pl4.cs.unm.edu|2|16K|9.6G|5:17|1.44, 1.60, 1.60|06:37:39|No PHP
--------------------------------
Node 81 out of 197
NO CONNECTION: planetlab2.fct.ualg.pt
--------------------------------
Node 82 out of 197
CONNECTION: planetlab-1.cse.ohio-state.edu
LOGGED IN
planetlab-1.cse.ohio-state.edu|2|16K|9.6G|4:28|4.30, 4.15, 3.77|06:37:43|No PHP
--------------------------------
Node 83 out of 197
NO CONNECTION: planetlab1.ionio.gr
--------------------------------
Node 84 out of 197
CONNECTION: planetlab2.ucsd.edu
LOGGED IN
planetlab2.ucsd.edu|2|16K|9.6G|4:18|24.79, 20.96, 20.68|06:37:32|No PHP
--------------------------------
Node 85 out of 197
NO CONNECTION: planetlab1lannion.elibel.tm.fr
--------------------------------
Node 86 out of 197
NO CONNECTION: planetlab2.science.unitn.it
--------------------------------
Node 87 out of 197
ping: unknown host uoepl1.essex.ac.uk
NO CONNECTION: uoepl1.essex.ac.uk
--------------------------------
Node 88 out of 197
NO CONNECTION: planetlab2.unineuchatel.ch
--------------------------------
Node 89 out of 197
CONNECTION: planetlab3.mini.pw.edu.pl
LOGGED IN
planetlab3.mini.pw.edu.pl|2|16K|9.6G|4:23|4.14, 2.58, 2.11|06:38:00|No PHP
--------------------------------
Node 90 out of 197
CONNECTION: planetlab1.ifi.uio.no
LOGGED IN
planetlab1.ifi.uio.no|2|16K|9.6G|5:36|3.47, 3.75, 3.88|07:57:19|No PHP
--------------------------------
Node 91 out of 197
CONNECTION: planetlab2.ifi.uio.no
NOLOGIN 
--------------------------------
Node 92 out of 197
NO CONNECTION: planetlab2.eurecom.fr
--------------------------------
Node 93 out of 197
CONNECTION: planetlab4.hiit.fi
LOGGED IN
planetlab4.hiit.fi|2|16K|9.6G|5:28|1.06, 1.11, 1.14|06:38:07|No PHP
--------------------------------
Node 94 out of 197
CONNECTION: planetlab2.extern.kuleuven.be
LOGGED IN
planetlab2.extern.kuleuven.be|2|16K|9.6G|5:27|1.13, 1.18, 1.17|06:38:09|No PHP
--------------------------------
Node 95 out of 197
NO CONNECTION: planetlab2.tmit.bme.hu
--------------------------------
Node 96 out of 197
NO CONNECTION: planetlab-1.man.poznan.pl
--------------------------------
Node 97 out of 197
NO CONNECTION: planetlab02.cs.tcd.ie
--------------------------------
Node 98 out of 197
NO CONNECTION: planetlab2.mta.ac.il
--------------------------------
Node 99 out of 197
NO CONNECTION: planetlab1.cyfronet.pl
--------------------------------
Node 100 out of 197
NO CONNECTION: planetlab1.bgu.ac.il
--------------------------------
Node 101 out of 197
CONNECTION: planetlab1.extern.kuleuven.be
LOGGED IN
planetlab1.extern.kuleuven.be|2|16K|9.6G|5:34|2.09, 2.05, 2.03|06:38:23|No PHP
--------------------------------
Node 102 out of 197
NO CONNECTION: planet1.unipr.it
--------------------------------
Node 103 out of 197
CONNECTION: ple2.dmcs.p.lodz.pl
LOGGED IN
ple2.dmcs.p.lodz.pl|2|16K|9.6G|5:30|0.22, 0.37, 0.39|06:43:53|No PHP
--------------------------------
Node 104 out of 197
CONNECTION: pandora.we.po.opole.pl
NOLOGIN 
--------------------------------
Node 105 out of 197
CONNECTION: planck227ple.test.ibbt.be
LOGGED IN
planck227ple.test.ibbt.be|2|16K|9.6G|5:40|23.51, 19.01, 18.13|06:38:52|No PHP
--------------------------------
Node 106 out of 197
NO CONNECTION: planetlab3.comp.nus.edu.sg
--------------------------------
Node 107 out of 197
CONNECTION: planet2.servers.ua.pt
LOGGED IN
planet2.servers.ua.pt|2|16K|9.6G|5:29|6.02, 6.07, 6.02|06:38:57|No PHP
--------------------------------
Node 108 out of 197
CONNECTION: planetlab4.csee.usf.edu
NOLOGIN 
--------------------------------
Node 109 out of 197
CONNECTION: planetlab2.ecs.vuw.ac.nz
LOGGED IN
planetlab2.ecs.vuw.ac.nz|2|16K|9.6G|5:23|3.45, 4.20, 4.46|06:39:02|No PHP
--------------------------------
Node 110 out of 197
CONNECTION: host3.planetlab.informatik.tu-darmstadt.de
NOLOGIN 
--------------------------------
Node 111 out of 197
CONNECTION: planet-lab-node2.netgroup.uniroma2.it
LOGGED IN
planet-lab-node2.netgroup.uniroma2.it|2|16K|9.6G|5:37|3.57, 3.84, 4.62|06:39:05|No PHP
--------------------------------
Node 112 out of 197
CONNECTION: inriarennes2.irisa.fr
LOGGED IN
inriarennes2.irisa.fr|2|16K|9.6G|5:39|3.90, 4.59, 4.07|06:39:07|No PHP
--------------------------------
Node 113 out of 197
CONNECTION: planet1.servers.ua.pt
LOGGED IN
planet1.servers.ua.pt|2|16K|9.6G|5:32|7.32, 5.98, 5.33|06:39:11|No PHP
--------------------------------
Node 114 out of 197
CONNECTION: pl1.sos.info.hiroshima-cu.ac.jp
LOGGED IN
pl1.sos.info.hiroshima-cu.ac.jp|2|16K|9.6G|4:13|2.41, 2.29, 2.13|06:39:16|No PHP
--------------------------------
Node 115 out of 197
CONNECTION: node1.planetlab.uni-luebeck.de
NOLOGIN 
--------------------------------
Node 116 out of 197
CONNECTION: node2.planetlab.uni-luebeck.de
LOGGED IN
node2.planetlab.uni-luebeck.de|2|4|1.8T|13 days 22:29|0.54, 0.38, 0.34|06:39:19|No PHP
--------------------------------
Node 117 out of 197
CONNECTION: host1.planetlab.informatik.tu-darmstadt.de
LOGGED IN
host1.planetlab.informatik.tu-darmstadt.de|2|4|1.8T|33 days 17:07|0.25, 0.16, 0.15|06:39:21|No PHP
--------------------------------
Node 118 out of 197
CONNECTION: iraplab1.iralab.uni-karlsruhe.de
LOGGED IN
iraplab1.iralab.uni-karlsruhe.de|2|16K|9.6G|5:38|5.53, 6.11, 5.64|06:36:41|No PHP
--------------------------------
Node 119 out of 197
CONNECTION: planetlab3.hiit.fi
LOGGED IN
planetlab3.hiit.fi|2|16K|9.6G|5:34|1.63, 1.65, 1.62|06:39:25|No PHP
--------------------------------
Node 120 out of 197
NO CONNECTION: 146-179.surfsnel.dsl.internl.net
--------------------------------
Node 121 out of 197
ping: unknown host evghu4.colbud.hu
NO CONNECTION: evghu4.colbud.hu
--------------------------------
Node 122 out of 197
ping: unknown host evghu5.colbud.hu
NO CONNECTION: evghu5.colbud.hu
--------------------------------
Node 123 out of 197
ping: unknown host evghu6.colbud.hu
NO CONNECTION: evghu6.colbud.hu
--------------------------------
Node 124 out of 197
ping: unknown host evghu7.colbud.hu
NO CONNECTION: evghu7.colbud.hu
--------------------------------
Node 125 out of 197
CONNECTION: planetlab4.williams.edu
LOGGED IN
planetlab4.williams.edu|2|16K|9.6G|4:46|5.44, 5.17, 5.23|06:39:28|No PHP
--------------------------------
Node 126 out of 197
CONNECTION: planetlab-1.research.netlab.hut.fi
LOGGED IN
planetlab-1.research.netlab.hut.fi|2|16K|9.6G|5:38|2.28, 2.45, 2.53|06:39:30|No PHP
--------------------------------
Node 127 out of 197
CONNECTION: planetlab1.cs.uoi.gr
LOGGED IN
planetlab1.cs.uoi.gr|2|16K|9.6G|4:34|1.21, 1.13, 1.10|06:39:37|No PHP
--------------------------------
Node 128 out of 197
NO CONNECTION: planetlab04.cnds.unibe.ch
--------------------------------
Node 129 out of 197
CONNECTION: planetlab2.s3.kth.se
LOGGED IN
planetlab2.s3.kth.se|2|16K|9.6G|5:31|1.22, 1.31, 1.34|06:39:42|No PHP
--------------------------------
Node 130 out of 197
ping: unknown host evghu10.colbud.hu
NO CONNECTION: evghu10.colbud.hu
--------------------------------
Node 131 out of 197
ping: unknown host evghu2.colbud.hu
NO CONNECTION: evghu2.colbud.hu
--------------------------------
Node 132 out of 197
NO CONNECTION: planetlab-1.iscte.pt
--------------------------------
Node 133 out of 197
CONNECTION: planetlab2.ci.pwr.wroc.pl
LOGGED IN
planetlab2.ci.pwr.wroc.pl|2|16K|9.6G|5:36|1.14, 1.21, 1.18|06:39:51|No PHP
--------------------------------
Node 134 out of 197
NO CONNECTION: planetlab01.cs.tcd.ie
--------------------------------
Node 135 out of 197
NO CONNECTION: planet2.cs.huji.ac.il
--------------------------------
Node 136 out of 197
CONNECTION: planetlab2.diku.dk
LOGGED IN
planetlab2.diku.dk|2|16K|9.6G|1:15|796.87, 803.33, 817.28|06:41:03|No PHP
--------------------------------
Node 137 out of 197
CONNECTION: ricepl-5.cs.rice.edu
LOGGED IN
ricepl-5.cs.rice.edu|2|16K|9.6G|5:30|1.55, 1.41, 1.27|06:39:59|No PHP
--------------------------------
Node 138 out of 197
CONNECTION: planetlab-4.imperial.ac.uk
LOGGED IN
planetlab-4.imperial.ac.uk|2|16K|9.6G|4:13|94.18, 93.42, 90.48|06:40:01|No PHP
--------------------------------
Node 139 out of 197
CONNECTION: planetlab2.cs.uit.no
LOGGED IN
planetlab2.cs.uit.no|2|16K|9.6G|3:44|3.30, 3.58, 3.54|06:40:03|No PHP
--------------------------------
Node 140 out of 197
NO CONNECTION: planetlab-4.cs.ucy.ac.cy
--------------------------------
Node 141 out of 197
CONNECTION: planetlab-12.e5.ijs.si
LOGGED IN
planetlab-12.e5.ijs.si|2|16K|9.6G|5:42|1.03, 1.22, 2.10|06:40:08|No PHP
--------------------------------
Node 142 out of 197
NO CONNECTION: planetlab01.ethz.ch
--------------------------------
Node 143 out of 197
CONNECTION: planetlab1.fct.ualg.pt
LOGGED IN
planetlab1.fct.ualg.pt|2|16K|9.6G|5:37|5.42, 10.35, 10.68|06:40:12|No PHP
--------------------------------
Node 144 out of 197
CONNECTION: planetlab1.dit.upm.es
LOGGED IN
planetlab1.dit.upm.es|2|16K|9.6G|5:39|3.86, 5.12, 5.23|06:40:15|No PHP
--------------------------------
Node 145 out of 197
CONNECTION: iraplab2.iralab.uni-karlsruhe.de
LOGGED IN
iraplab2.iralab.uni-karlsruhe.de|2|16K|9.6G|5:37|1.24, 1.21, 1.20|05:53:24|No PHP
--------------------------------
Node 146 out of 197
CONNECTION: planetlab6.goto.info.waseda.ac.jp
LOGGED IN
planetlab6.goto.info.waseda.ac.jp|2|16K|9.6G|4:47|2.67, 3.63, 3.76|06:40:20|No PHP
--------------------------------
Node 147 out of 197
NO CONNECTION: planetlab-1.cs.ucy.ac.cy
--------------------------------
Node 148 out of 197
CONNECTION: planetlab2.informatik.uni-goettingen.de
NOLOGIN 
--------------------------------
Node 149 out of 197
CONNECTION: planetlab-1.ing.unimo.it
LOGGED IN
planetlab-1.ing.unimo.it|2|4|162G|75 days 19:44|0.42, 0.35, 0.38|06:40:26|No PHP
--------------------------------
Node 150 out of 197
CONNECTION: planetlab2.cs.unc.edu
LOGGED IN
planetlab2.cs.unc.edu|2|16K|9.6G|5:09|9.46, 7.90, 6.84|06:40:54|No PHP
--------------------------------
Node 151 out of 197
ping: unknown host orval.infonet.fundp.ac.be
NO CONNECTION: orval.infonet.fundp.ac.be
--------------------------------
Node 152 out of 197
NO CONNECTION: planetlab2.thlab.net
--------------------------------
Node 153 out of 197
NO CONNECTION: planetlab1.willab.fi
--------------------------------
Node 154 out of 197
NO CONNECTION: planetlab2.willab.fi
--------------------------------
Node 155 out of 197
NO CONNECTION: planet1.inf.tu-dresden.de
--------------------------------
Node 156 out of 197
ping: unknown host plab1.tidprojects.com
NO CONNECTION: plab1.tidprojects.com
--------------------------------
Node 157 out of 197
CONNECTION: vn5.cse.wustl.edu
LOGGED IN
vn5.cse.wustl.edu|2|16K|9.6G|4:22|3.75, 5.09, 5.44|06:41:04|No PHP
--------------------------------
Node 158 out of 197
NO CONNECTION: ait05.us.es
--------------------------------
Node 159 out of 197
NO CONNECTION: planetlab2.urv.cat
--------------------------------
Node 160 out of 197
NO CONNECTION: onelab-2.fhi-fokus.de
--------------------------------
Node 161 out of 197
CONNECTION: planetlab2.research.nicta.com.au
LOGGED IN
planetlab2.research.nicta.com.au|2|4|395G|19 days 1:54|2.37, 2.36, 2.06|06:41:13|No PHP
--------------------------------
Node 162 out of 197
CONNECTION: prata.mimuw.edu.pl
LOGGED IN
prata.mimuw.edu.pl|2|16K|9.6G|5:38|1.00, 0.58, 0.46|06:41:15|No PHP
--------------------------------
Node 163 out of 197
CONNECTION: ple1.dmcs.p.lodz.pl
LOGGED IN
ple1.dmcs.p.lodz.pl|2|16K|9.6G|5:40|0.56, 0.52, 0.49|06:45:21|No PHP
--------------------------------
Node 164 out of 197
CONNECTION: planetlab1.upm.ro
LOGGED IN
planetlab1.upm.ro|2|16K|9.6G|5:43|3.36, 3.18, 2.85|06:41:22|No PHP
--------------------------------
Node 165 out of 197
CONNECTION: planetlab1.di.unito.it
LOGGED IN
planetlab1.di.unito.it|2|16K|9.6G|5:36|3.60, 3.15, 3.06|06:41:25|No PHP
--------------------------------
Node 166 out of 197
CONNECTION: righthand.eecs.harvard.edu
LOGGED IN
righthand.eecs.harvard.edu|2|16K|9.6G|4:31|1.18, 1.12, 1.09|06:41:25|No PHP
--------------------------------
Node 167 out of 197
ping: unknown host plab2.tidprojects.com
NO CONNECTION: plab2.tidprojects.com
--------------------------------
Node 168 out of 197
CONNECTION: planetlabeu-1.tssg.org
LOGGED IN
planetlabeu-1.tssg.org|2|16K|9.6G|5:33|2.47, 2.46, 2.37|06:41:28|No PHP
--------------------------------
Node 169 out of 197
NO CONNECTION: planetlab2lannion.elibel.tm.fr
--------------------------------
Node 170 out of 197
CONNECTION: planetlab1.ci.pwr.wroc.pl
LOGGED IN
planetlab1.ci.pwr.wroc.pl|2|16K|9.6G|5:32|1.57, 1.34, 1.32|06:41:33|No PHP
--------------------------------
Node 171 out of 197
CONNECTION: planetlab1.rd.tut.fi
LOGGED IN
planetlab1.rd.tut.fi|2|4|613G|38 days 17:23|0.31, 0.30, 0.33|06:41:35|No PHP
--------------------------------
Node 172 out of 197
NO CONNECTION: planetlab1.uc3m.es
--------------------------------
Node 173 out of 197
ping: unknown host chimay.infonet.fundp.ac.be
NO CONNECTION: chimay.infonet.fundp.ac.be
--------------------------------
Node 174 out of 197
NO CONNECTION: planetlab-2.cs.unibas.ch
--------------------------------
Node 175 out of 197
CONNECTION: plato.di.uoa.gr
LOGGED IN
plato.di.uoa.gr|2|4|861G|6 days 15:54|0.00, 0.01, 0.05|06:41:42|No PHP
--------------------------------
Node 176 out of 197
CONNECTION: plutarch.di.uoa.gr
LOGGED IN
plutarch.di.uoa.gr|2|4|861G|6 days 15:57|0.04, 0.04, 0.05|06:41:44|No PHP
--------------------------------
Node 177 out of 197
NO CONNECTION: planetlab2.uc3m.es
--------------------------------
Node 178 out of 197
CONNECTION: planetlab2.utt.fr
NOLOGIN 
--------------------------------
Node 179 out of 197
NO CONNECTION: planetlabpc1.upf.edu
--------------------------------
Node 180 out of 197
CONNECTION: planetlab1.ecs.vuw.ac.nz
LOGGED IN
planetlab1.ecs.vuw.ac.nz|2|16K|9.6G|4:25|3.09, 2.91, 2.87|06:41:53|No PHP
--------------------------------
Node 181 out of 197
CONNECTION: onelab4.warsaw.rd.tp.pl
LOGGED IN
onelab4.warsaw.rd.tp.pl|2|16K|9.6G|5:30|6.44, 8.66, 8.47|06:41:56|No PHP
--------------------------------
Node 182 out of 197
CONNECTION: planetlab1.upc.es
LOGGED IN
planetlab1.upc.es|2|16K|9.6G|5:34|6.53, 5.75, 5.39|06:41:59|No PHP
--------------------------------
Node 183 out of 197
NO CONNECTION: onelab7.iet.unipi.it
--------------------------------
Node 184 out of 197
CONNECTION: onelab2.info.ucl.ac.be
LOGGED IN
onelab2.info.ucl.ac.be|2|16K|9.6G|5:42|1.40, 1.71, 1.37|06:43:02|No PHP
--------------------------------
Node 185 out of 197
NO CONNECTION: planetlabeu-2.tssg.org
--------------------------------
Node 186 out of 197
CONNECTION: planetlab3.upc.es
LOGGED IN
planetlab3.upc.es|2|16K|9.6G|5:33|4.33, 4.93, 5.02|06:42:12|No PHP
--------------------------------
Node 187 out of 197
CONNECTION: planetlab2.eecs.jacobs-university.de
LOGGED IN
planetlab2.eecs.jacobs-university.de|2|16K|9.6G|5:37|20.70, 12.45, 9.68|06:42:18|No PHP
--------------------------------
Node 188 out of 197
CONNECTION: planetlab-2.ing.unimo.it
LOGGED IN
planetlab-2.ing.unimo.it|2|4|395G|75 days 19:51|0.55, 0.59, 0.65|06:42:20|No PHP
--------------------------------
Node 189 out of 197
CONNECTION: planetlab3.bupt.edu.cn
LOGGED IN
planetlab3.bupt.edu.cn|2|16K|9.6G|5:17|2.41, 3.26, 2.75|06:42:25|No PHP
--------------------------------
Node 190 out of 197
NO CONNECTION: planet2.unipr.it
--------------------------------
Node 191 out of 197
NO CONNECTION: planetlab1.informatik.uni-erlangen.de
--------------------------------
Node 192 out of 197
CONNECTION: ple1.ait.ac.th
LOGGED IN
ple1.ait.ac.th|2|16K|9.6G|5:32|9.29, 10.77, 10.43|06:42:33|No PHP
--------------------------------
Node 193 out of 197
CONNECTION: planetlab-2.tagus.ist.utl.pt
LOGGED IN
planetlab-2.tagus.ist.utl.pt|2|16K|9.6G|5:39|3.31, 3.43, 3.51|06:42:36|No PHP
--------------------------------
Node 194 out of 197
CONNECTION: gschembra3.diit.unict.it
LOGGED IN
gschembra3.diit.unict.it|2|16K|9.6G|5:37|5.36, 5.27, 5.37|06:42:38|No PHP
--------------------------------
Node 195 out of 197
CONNECTION: planetlab3.informatik.uni-erlangen.de
LOGGED IN
planetlab3.informatik.uni-erlangen.de|2|4|56G|25 days 22:25|0.22, 0.20, 0.22|06:32:33|No PHP
--------------------------------
Node 196 out of 197
CONNECTION: planetlab1.mta.ac.il
LOGGED IN
planetlab1.mta.ac.il|2|16K|9.6G|5:42|1.94, 1.64, 1.50|06:42:43|No PHP
--------------------------------
Node 197 out of 197
CONNECTION: planetlab-node3.it-sudparis.eu
LOGGED IN
planetlab-node3.it-sudparis.eu|2|16K|9.6G|5:33|3.99, 4.66, 3.86|06:42:45|No PHP
--------------------------------
-----------CYCLE COMPLETE-----------


--------------------------------
Node 1 out of 197
CONNECTION: planetlab1.urv.cat
LOGGED IN
planetlab1.urv.cat|2|16K|9.6G|5:37|0.05, 0.13, 0.15|06:42:48|No PHP
--------------------------------
Node 2 out of 197
CONNECTION: planetlab-2.man.poznan.pl
LOGGED IN
planetlab-2.man.poznan.pl|2|16K|9.6G|5:34|2.06, 2.25, 2.31|06:42:50|No PHP
--------------------------------
Node 3 out of 197
CONNECTION: planetlab1.cs.du.edu
LOGGED IN
planetlab1.cs.du.edu|2|16K|9.6G|4:31|18.03, 18.92, 18.51|06:42:52|No PHP
--------------------------------
Node 4 out of 197
CONNECTION: pl1.6test.edu.cn
LOGGED IN
pl1.6test.edu.cn|2|16K|9.6G|4:24|2.52, 2.65, 2.78|06:42:56|No PHP
--------------------------------
Node 5 out of 197
CONNECTION: planetlab-01.vt.nodes.planet-lab.org
LOGGED IN
planetlab-01.vt.nodes.planet-lab.org|2|16K|9.6G|4:51|4.11, 8.34, 6.75|06:42:57|No PHP
--------------------------------
Node 6 out of 197
CONNECTION: planetlab1.mini.pw.edu.pl
LOGGED IN
planetlab1.mini.pw.edu.pl|2|16K|9.6G|5:43|0.33, 0.32, 0.30|06:42:59|No PHP
--------------------------------
Node 7 out of 197
CONNECTION: pl2.uni-rostock.de
NOLOGIN 
--------------------------------
Node 8 out of 197
NO CONNECTION: planetlab2.fri.uni-lj.si
--------------------------------
Node 9 out of 197
NO CONNECTION: marie.iet.unipi.it
--------------------------------
Node 10 out of 197
NO CONNECTION: planetlab2-buenosaires.lan.redclara.net
--------------------------------
Node 11 out of 197
CONNECTION: planetlab1.citadel.edu
LOGGED IN
planetlab1.citadel.edu|2|16K|9.6G|5:40|7.17, 8.13, 9.70|07:01:05|No PHP
--------------------------------
Node 12 out of 197
CONNECTION: planetlab1.csee.usf.edu
LOGGED IN
planetlab1.csee.usf.edu|2|16K|9.6G|5:40|5.07, 5.16, 4.69|06:43:21|No PHP
--------------------------------
Node 13 out of 197
CONNECTION: roti.mimuw.edu.pl
NOLOGIN 
--------------------------------
Node 14 out of 197
CONNECTION: planetlab-2.sjtu.edu.cn
LOGGED IN
planetlab-2.sjtu.edu.cn|2|16K|9.6G|6:13|2.22, 2.18, 2.11|06:43:26|No PHP
--------------------------------
Node 15 out of 197
CONNECTION: aladdin.planetlab.extranet.uni-passau.de
NOLOGIN 
--------------------------------
Node 16 out of 197
NO CONNECTION: planetlab2.hiit.fi
--------------------------------
Node 17 out of 197
NO CONNECTION: planetlab1.hiit.fi
--------------------------------
Node 18 out of 197
CONNECTION: salt.planetlab.cs.umd.edu
LOGGED IN
salt.planetlab.cs.umd.edu|2|16K|9.6G|4:46|0.32, 0.74, 0.78|06:43:32|No PHP
--------------------------------
Node 19 out of 197
CONNECTION: planetlab1.ustc.edu.cn
LOGGED IN
planetlab1.ustc.edu.cn|2|16K|9.6G|5:55|1.90, 1.86, 1.87|06:43:37|No PHP
--------------------------------
Node 20 out of 197
CONNECTION: planetlab1.utdallas.edu
LOGGED IN
planetlab1.utdallas.edu|2|16K|9.6G|3:59|8.46, 8.38, 7.45|06:43:43|No PHP
--------------------------------
Node 21 out of 197
NO CONNECTION: planetlab-2.cs.colostate.edu
--------------------------------
Node 22 out of 197
CONNECTION: planetlab2.jcp-consult.net
LOGGED IN
planetlab2.jcp-consult.net|2|16K|9.6G|5:41|2.12, 2.33, 2.34|06:43:47|No PHP
--------------------------------
Node 23 out of 197
CONNECTION: pl2.6test.edu.cn
LOGGED IN
pl2.6test.edu.cn|2|16K|9.6G|5:45|2.14, 2.31, 2.42|06:43:52|No PHP
--------------------------------
Node 24 out of 197
CONNECTION: lefthand.eecs.harvard.edu
LOGGED IN
lefthand.eecs.harvard.edu|2|20K|9.6G|5:55|10.19, 8.87, 8.73|06:43:53|No PHP
--------------------------------
Node 25 out of 197
NO CONNECTION: planetlab01.dis.unina.it
--------------------------------
Node 26 out of 197
CONNECTION: planetlab1.jcp-consult.net
NOLOGIN 
--------------------------------
Node 27 out of 197
CONNECTION: planetlab-2.cse.ohio-state.edu
NOLOGIN 
--------------------------------
Node 28 out of 197
CONNECTION: planetlab2.utdallas.edu
LOGGED IN
planetlab2.utdallas.edu|2|16K|9.6G|5:45|18.66, 9.76, 7.27|06:44:04|No PHP
--------------------------------
Node 29 out of 197
CONNECTION: planetlab3.wail.wisc.edu
LOGGED IN
planetlab3.wail.wisc.edu|2|16K|9.6G|4:47|7.70, 8.23, 8.61|06:44:06|No PHP
--------------------------------
Node 30 out of 197
NO CONNECTION: ple01.fc.univie.ac.at
--------------------------------
Node 31 out of 197
NO CONNECTION: onelab1.warsaw.rd.tp.pl
--------------------------------
Node 32 out of 197
CONNECTION: planetlab2.cs.uml.edu
LOGGED IN
planetlab2.cs.uml.edu|2|16K|9.6G|6:08|2.16, 1.90, 1.79|06:44:11|No PHP
--------------------------------
Node 33 out of 197
CONNECTION: host4.planetlab.informatik.tu-darmstadt.de
NOLOGIN 
--------------------------------
Node 34 out of 197
NO CONNECTION: planetlab-1.imperial.ac.uk
--------------------------------
Node 35 out of 197
NO CONNECTION: planetlab-2.imag.fr
--------------------------------
Node 36 out of 197
CONNECTION: dplanet1.uoc.edu
LOGGED IN
dplanet1.uoc.edu|2|16K|9.6G|5:45|0.44, 0.46, 0.45|06:44:18|No PHP
--------------------------------
Node 37 out of 197
CONNECTION: planetlab2.upc.es
LOGGED IN
planetlab2.upc.es|2|16K|9.6G|5:37|2.88, 2.87, 2.94|06:44:20|No PHP
--------------------------------
Node 38 out of 197
CONNECTION: utet.ii.uam.es
LOGGED IN
utet.ii.uam.es|2|16K|9.6G|5:25|2.56, 1.73, 1.27|06:44:22|No PHP
--------------------------------
Node 39 out of 197
CONNECTION: planetlab1.utt.fr
LOGGED IN
planetlab1.utt.fr|2|16K|9.6G|5:37|2.38, 2.44, 2.41|06:44:24|No PHP
--------------------------------
Node 40 out of 197
CONNECTION: planetlab1.sfc.wide.ad.jp
LOGGED IN
planetlab1.sfc.wide.ad.jp|2|16K|9.6G|5:29|5.22, 4.61, 4.86|06:44:28|No PHP
--------------------------------
Node 41 out of 197
CONNECTION: planetlab1.uta.edu
LOGGED IN
planetlab1.uta.edu|2|16K|9.6G|4:07|291.61, 290.94, 288.19|06:44:30|No PHP
--------------------------------
Node 42 out of 197
CONNECTION: planetlab1.cnis.nyit.edu
NOLOGIN 
--------------------------------
Node 43 out of 197
CONNECTION: pl2.cs.montana.edu
LOGGED IN
pl2.cs.montana.edu|2|16K|9.6G|6:01|4.82, 3.45, 2.41|06:44:33|No PHP
--------------------------------
Node 44 out of 197
CONNECTION: planetlab3.net.in.tum.de
LOGGED IN
planetlab3.net.in.tum.de|2|4|79G|3 days 13:42|0.27, 0.49, 0.43|06:44:35|No PHP
--------------------------------
Node 45 out of 197
NO CONNECTION: planetlab2.dit.upm.es
--------------------------------
Node 46 out of 197
CONNECTION: planetlab1.cqupt.edu.cn
LOGGED IN
planetlab1.cqupt.edu.cn|2|16K|9.6G|4:38|2.71, 2.72, 2.64|06:44:46|No PHP
--------------------------------
Node 47 out of 197
CONNECTION: planetvs2.informatik.uni-stuttgart.de
LOGGED IN
planetvs2.informatik.uni-stuttgart.de|2|16K|9.6G|5:46|1.17, 1.15, 1.10|06:44:48|No PHP
--------------------------------
Node 48 out of 197
NO CONNECTION: planetlab-2.scie.uestc.edu.cn
--------------------------------
Node 49 out of 197
CONNECTION: pli1-pa-3.hpl.hp.com
LOGGED IN
pli1-pa-3.hpl.hp.com|2|16K|9.6G|4:22|0.98, 0.78, 0.91|06:44:52|No PHP
--------------------------------
Node 50 out of 197
CONNECTION: pl2.eng.monash.edu.au
LOGGED IN
pl2.eng.monash.edu.au|2|16K|9.6G|4:53|3.38, 3.10, 3.03|06:44:56|No PHP
--------------------------------
Node 51 out of 197
CONNECTION: planetlab-1.ssvl.kth.se
LOGGED IN
planetlab-1.ssvl.kth.se|2|16K|9.6G|4:21|14.84, 15.48, 15.32|06:45:08|No PHP
--------------------------------
Node 52 out of 197
NO CONNECTION: node2pl.planet-lab.telecom-lille1.eu
--------------------------------
Node 53 out of 197
NO CONNECTION: planetlab2.upm.ro
--------------------------------
Node 54 out of 197
CONNECTION: planetlab1.tmit.bme.hu
LOGGED IN
planetlab1.tmit.bme.hu|2|16K|9.6G|5:48|0.26, 0.22, 0.18|06:45:14|No PHP
--------------------------------
Node 55 out of 197
CONNECTION: planetlab2.cs.okstate.edu
NOLOGIN 
--------------------------------
Node 56 out of 197
CONNECTION: planetlab1.clemson.edu
NOLOGIN 
--------------------------------
Node 57 out of 197
CONNECTION: planetlab2.clemson.edu
NOLOGIN 
--------------------------------
Node 58 out of 197
CONNECTION: planetlab-2.fhi-fokus.de
LOGGED IN
planetlab-2.fhi-fokus.de|2|4|227G|76 days 17:23|0.57, 0.48, 0.50|06:45:18|No PHP
--------------------------------
Node 59 out of 197
ping: unknown host pl2.ccsrfi.net
NO CONNECTION: pl2.ccsrfi.net
--------------------------------
Node 60 out of 197
CONNECTION: peeramidion.irisa.fr
NOLOGIN 
--------------------------------
Node 61 out of 197
ping: unknown host pl1.ccsrfi.net
NO CONNECTION: pl1.ccsrfi.net
--------------------------------
Node 62 out of 197
CONNECTION: planetlab2.netlab.uky.edu
LOGGED IN
planetlab2.netlab.uky.edu|2|16K|9.6G|4:41|19.68, 20.00, 19.75|06:46:12|No PHP
--------------------------------
Node 63 out of 197
CONNECTION: planetlab-um00.di.uminho.pt
NOLOGIN 
--------------------------------
Node 64 out of 197
CONNECTION: planetlab2.cs.otago.ac.nz
LOGGED IN
planetlab2.cs.otago.ac.nz|2|16K|9.6G|4:42|4.67, 3.78, 4.07|06:46:17|No PHP
--------------------------------
Node 65 out of 197
NO CONNECTION: planetlab2.tau.ac.il
--------------------------------
Node 66 out of 197
CONNECTION: planet-lab1.uba.ar
LOGGED IN
planet-lab1.uba.ar|2|16K|9.6G|2:19|354.72, 353.23, 350.25|06:46:23|No PHP
--------------------------------
Node 67 out of 197
CONNECTION: dannan.disy.inf.uni-konstanz.de
NOLOGIN 
--------------------------------
Node 68 out of 197
NO CONNECTION: 147-179.surfsnel.dsl.internl.net
--------------------------------
Node 69 out of 197
CONNECTION: plab4.ple.silweb.pl
LOGGED IN
plab4.ple.silweb.pl|2|16K|9.6G|5:45|5.42, 5.84, 7.91|06:46:27|No PHP
--------------------------------
Node 70 out of 197
CONNECTION: planetlab2.sfc.wide.ad.jp
NOLOGIN 
--------------------------------
Node 71 out of 197
CONNECTION: 75-130-96-12.static.oxfr.ma.charter.com
LOGGED IN
75-130-96-12.static.oxfr.ma.charter.com|2|16K|9.6G|5:35|397.79, 396.57, 393.63|06:46:32|No PHP
--------------------------------
Node 72 out of 197
NO CONNECTION: planetlab02.dis.unina.it
--------------------------------
Node 73 out of 197
NO CONNECTION: planetlab-1.imag.fr
--------------------------------
Node 74 out of 197
CONNECTION: node2.planetlab.mathcs.emory.edu
LOGGED IN
node2.planetlab.mathcs.emory.edu|2|16K|9.6G|4:21|13.60, 14.00, 14.84|06:46:37|No PHP
--------------------------------
Node 75 out of 197
CONNECTION: planetlab1.informatik.uni-goettingen.de
LOGGED IN
planetlab1.informatik.uni-goettingen.de|2|16K|9.6G|5:45|3.25, 2.60, 1.95|06:37:33|No PHP
--------------------------------
Node 76 out of 197
NO CONNECTION: planet2.l3s.uni-hannover.de
--------------------------------
Node 77 out of 197
CONNECTION: planetlab-js2.cert.org.cn
LOGGED IN
planetlab-js2.cert.org.cn|2|16K|9.6G|6:11|1.89, 1.88, 1.80|06:46:45|No PHP
--------------------------------
Node 78 out of 197
CONNECTION: planetlab-1.sjtu.edu.cn
LOGGED IN
planetlab-1.sjtu.edu.cn|2|16K|9.6G|5:18|1.66, 1.90, 1.95|06:46:50|No PHP
--------------------------------
Node 79 out of 197
CONNECTION: planetlab1.eecs.umich.edu
LOGGED IN
planetlab1.eecs.umich.edu|2|16K|9.6G|5:54|54.32, 54.30, 54.05|06:46:56|No PHP
--------------------------------
Node 80 out of 197
CONNECTION: pl4.cs.unm.edu
LOGGED IN
pl4.cs.unm.edu|2|16K|9.6G|5:26|1.39, 1.99, 1.89|06:46:58|No PHP
--------------------------------
Node 81 out of 197
NO CONNECTION: planetlab2.fct.ualg.pt
--------------------------------
Node 82 out of 197
CONNECTION: planetlab-1.cse.ohio-state.edu
LOGGED IN
planetlab-1.cse.ohio-state.edu|2|16K|9.6G|4:38|3.88, 3.68, 3.65|06:47:01|No PHP
--------------------------------
Node 83 out of 197
NO CONNECTION: planetlab1.ionio.gr
--------------------------------
Node 84 out of 197
CONNECTION: planetlab2.ucsd.edu
LOGGED IN
planetlab2.ucsd.edu|2|16K|9.6G|4:27|31.27, 23.32, 21.24|06:46:51|No PHP
--------------------------------
Node 85 out of 197
NO CONNECTION: planetlab1lannion.elibel.tm.fr
--------------------------------
Node 86 out of 197
NO CONNECTION: planetlab2.science.unitn.it
--------------------------------
Node 87 out of 197
ping: unknown host uoepl1.essex.ac.uk
NO CONNECTION: uoepl1.essex.ac.uk
--------------------------------
Node 88 out of 197
NO CONNECTION: planetlab2.unineuchatel.ch
--------------------------------
Node 89 out of 197
CONNECTION: planetlab3.mini.pw.edu.pl
LOGGED IN
planetlab3.mini.pw.edu.pl|2|16K|9.6G|4:32|1.86, 1.88, 1.92|06:47:19|No PHP
--------------------------------
Node 90 out of 197
CONNECTION: planetlab1.ifi.uio.no
LOGGED IN
planetlab1.ifi.uio.no|2|16K|9.6G|5:45|3.78, 4.04, 4.05|08:06:37|No PHP
--------------------------------
Node 91 out of 197
CONNECTION: planetlab2.ifi.uio.no
NOLOGIN 
--------------------------------
Node 92 out of 197
NO CONNECTION: planetlab2.eurecom.fr
--------------------------------
Node 93 out of 197
CONNECTION: planetlab4.hiit.fi
LOGGED IN
planetlab4.hiit.fi|2|16K|9.6G|5:37|1.03, 1.08, 1.10|06:47:25|No PHP
--------------------------------
Node 94 out of 197
CONNECTION: planetlab2.extern.kuleuven.be
LOGGED IN
planetlab2.extern.kuleuven.be|2|16K|9.6G|5:37|1.14, 1.21, 1.18|06:47:26|No PHP
--------------------------------
Node 95 out of 197
NO CONNECTION: planetlab2.tmit.bme.hu
--------------------------------
Node 96 out of 197
NO CONNECTION: planetlab-1.man.poznan.pl
--------------------------------
Node 97 out of 197
NO CONNECTION: planetlab02.cs.tcd.ie
--------------------------------
Node 98 out of 197
NO CONNECTION: planetlab2.mta.ac.il
--------------------------------
Node 99 out of 197
NO CONNECTION: planetlab1.cyfronet.pl
--------------------------------
Node 100 out of 197
NO CONNECTION: planetlab1.bgu.ac.il
--------------------------------
Node 101 out of 197
CONNECTION: planetlab1.extern.kuleuven.be
LOGGED IN
planetlab1.extern.kuleuven.be|2|16K|9.6G|5:44|2.07, 2.03, 2.00|06:47:40|No PHP
--------------------------------
Node 102 out of 197
NO CONNECTION: planet1.unipr.it
--------------------------------
Node 103 out of 197
CONNECTION: ple2.dmcs.p.lodz.pl
LOGGED IN
ple2.dmcs.p.lodz.pl|2|16K|9.6G|5:40|0.60, 0.47, 0.40|06:53:10|No PHP
--------------------------------
Node 104 out of 197
CONNECTION: pandora.we.po.opole.pl
NOLOGIN 
--------------------------------
Node 105 out of 197
CONNECTION: planck227ple.test.ibbt.be
LOGGED IN
planck227ple.test.ibbt.be|2|16K|9.6G|5:50|22.26, 21.10, 19.66|06:48:07|No PHP
--------------------------------
Node 106 out of 197
NO CONNECTION: planetlab3.comp.nus.edu.sg
--------------------------------
Node 107 out of 197
CONNECTION: planet2.servers.ua.pt
LOGGED IN
planet2.servers.ua.pt|2|16K|9.6G|5:38|6.45, 6.10, 5.98|06:48:12|No PHP
--------------------------------
Node 108 out of 197
CONNECTION: planetlab4.csee.usf.edu
NOLOGIN 
--------------------------------
Node 109 out of 197
CONNECTION: planetlab2.ecs.vuw.ac.nz
LOGGED IN
planetlab2.ecs.vuw.ac.nz|2|16K|9.6G|5:33|4.34, 4.13, 4.26|06:49:19|No PHP
--------------------------------
Node 110 out of 197
CONNECTION: host3.planetlab.informatik.tu-darmstadt.de
NOLOGIN 
--------------------------------
Node 111 out of 197
CONNECTION: planet-lab-node2.netgroup.uniroma2.it
LOGGED IN
planet-lab-node2.netgroup.uniroma2.it|2|16K|9.6G|5:47|3.33, 3.58, 4.13|06:49:22|No PHP
--------------------------------
Node 112 out of 197
CONNECTION: inriarennes2.irisa.fr
LOGGED IN
inriarennes2.irisa.fr|2|16K|9.6G|5:49|3.28, 3.97, 3.96|06:49:24|No PHP
--------------------------------
Node 113 out of 197
CONNECTION: planet1.servers.ua.pt
LOGGED IN
planet1.servers.ua.pt|2|16K|9.6G|5:42|6.34, 5.48, 5.48|06:49:27|No PHP
--------------------------------
Node 114 out of 197
CONNECTION: pl1.sos.info.hiroshima-cu.ac.jp
LOGGED IN
pl1.sos.info.hiroshima-cu.ac.jp|2|16K|9.6G|4:24|1.66, 2.55, 2.43|06:49:30|No PHP
--------------------------------
Node 115 out of 197
CONNECTION: node1.planetlab.uni-luebeck.de
NOLOGIN 
--------------------------------
Node 116 out of 197
CONNECTION: node2.planetlab.uni-luebeck.de
LOGGED IN
node2.planetlab.uni-luebeck.de|2|4|1.8T|13 days 22:39|0.16, 0.25, 0.30|06:49:33|No PHP
--------------------------------
Node 117 out of 197
CONNECTION: host1.planetlab.informatik.tu-darmstadt.de
LOGGED IN
host1.planetlab.informatik.tu-darmstadt.de|2|4|1.8T|33 days 17:17|0.19, 0.12, 0.14|06:49:35|No PHP
--------------------------------
Node 118 out of 197
CONNECTION: iraplab1.iralab.uni-karlsruhe.de
LOGGED IN
iraplab1.iralab.uni-karlsruhe.de|2|16K|9.6G|5:48|3.92, 6.40, 6.56|06:46:55|No PHP
--------------------------------
Node 119 out of 197
CONNECTION: planetlab3.hiit.fi
LOGGED IN
planetlab3.hiit.fi|2|16K|9.6G|5:45|1.46, 1.61, 1.62|06:49:39|No PHP
--------------------------------
Node 120 out of 197
NO CONNECTION: 146-179.surfsnel.dsl.internl.net
--------------------------------
Node 121 out of 197
ping: unknown host evghu4.colbud.hu
NO CONNECTION: evghu4.colbud.hu
--------------------------------
Node 122 out of 197
ping: unknown host evghu5.colbud.hu
NO CONNECTION: evghu5.colbud.hu
--------------------------------
Node 123 out of 197
ping: unknown host evghu6.colbud.hu
NO CONNECTION: evghu6.colbud.hu
--------------------------------
Node 124 out of 197
ping: unknown host evghu7.colbud.hu
NO CONNECTION: evghu7.colbud.hu
--------------------------------
Node 125 out of 197
CONNECTION: planetlab4.williams.edu
LOGGED IN
planetlab4.williams.edu|2|16K|9.6G|4:56|5.11, 5.59, 5.41|06:49:44|No PHP
--------------------------------
Node 126 out of 197
CONNECTION: planetlab-1.research.netlab.hut.fi
LOGGED IN
planetlab-1.research.netlab.hut.fi|2|16K|9.6G|5:48|3.00, 2.78, 2.63|06:49:46|No PHP
--------------------------------
Node 127 out of 197
CONNECTION: planetlab1.cs.uoi.gr
LOGGED IN
planetlab1.cs.uoi.gr|2|16K|9.6G|4:44|1.20, 1.14, 1.10|06:49:51|No PHP
--------------------------------
Node 128 out of 197
NO CONNECTION: planetlab04.cnds.unibe.ch
--------------------------------
Node 129 out of 197
CONNECTION: planetlab2.s3.kth.se
LOGGED IN
planetlab2.s3.kth.se|2|16K|9.6G|5:41|1.23, 1.41, 1.38|06:49:56|No PHP
--------------------------------
Node 130 out of 197
ping: unknown host evghu10.colbud.hu
NO CONNECTION: evghu10.colbud.hu
--------------------------------
Node 131 out of 197
ping: unknown host evghu2.colbud.hu
NO CONNECTION: evghu2.colbud.hu
--------------------------------
Node 132 out of 197
NO CONNECTION: planetlab-1.iscte.pt
--------------------------------
Node 133 out of 197
CONNECTION: planetlab2.ci.pwr.wroc.pl
LOGGED IN
planetlab2.ci.pwr.wroc.pl|2|16K|9.6G|5:46|1.11, 1.17, 1.17|06:50:02|No PHP
--------------------------------
Node 134 out of 197
NO CONNECTION: planetlab01.cs.tcd.ie
--------------------------------
Node 135 out of 197
NO CONNECTION: planet2.cs.huji.ac.il
--------------------------------
Node 136 out of 197
CONNECTION: planetlab2.diku.dk
LOGGED IN
planetlab2.diku.dk|2|16K|9.6G|1:25|783.30, 783.61, 800.03|06:51:13|No PHP
--------------------------------
Node 137 out of 197
CONNECTION: ricepl-5.cs.rice.edu
LOGGED IN
ricepl-5.cs.rice.edu|2|16K|9.6G|5:41|1.40, 1.39, 1.32|06:50:09|No PHP
--------------------------------
Node 138 out of 197
CONNECTION: planetlab-4.imperial.ac.uk
LOGGED IN
planetlab-4.imperial.ac.uk|2|16K|9.6G|4:23|97.09, 96.31, 93.36|06:50:11|No PHP
--------------------------------
Node 139 out of 197
CONNECTION: planetlab2.cs.uit.no
LOGGED IN
planetlab2.cs.uit.no|2|16K|9.6G|3:54|22.62, 11.69, 6.53|06:50:13|No PHP
--------------------------------
Node 140 out of 197
NO CONNECTION: planetlab-4.cs.ucy.ac.cy
--------------------------------
Node 141 out of 197
CONNECTION: planetlab-12.e5.ijs.si
LOGGED IN
planetlab-12.e5.ijs.si|2|16K|9.6G|5:53|1.34, 1.24, 1.65|06:50:17|No PHP
--------------------------------
Node 142 out of 197
NO CONNECTION: planetlab01.ethz.ch
--------------------------------
Node 143 out of 197
CONNECTION: planetlab1.fct.ualg.pt
LOGGED IN
planetlab1.fct.ualg.pt|2|16K|9.6G|5:47|17.09, 13.92, 12.54|06:50:22|No PHP
--------------------------------
Node 144 out of 197
CONNECTION: planetlab1.dit.upm.es
LOGGED IN
planetlab1.dit.upm.es|2|16K|9.6G|5:50|3.98, 6.72, 6.55|06:50:24|No PHP
--------------------------------
Node 145 out of 197
CONNECTION: iraplab2.iralab.uni-karlsruhe.de
LOGGED IN
iraplab2.iralab.uni-karlsruhe.de|2|16K|9.6G|5:47|1.42, 1.31, 1.22|06:03:33|No PHP
--------------------------------
Node 146 out of 197
CONNECTION: planetlab6.goto.info.waseda.ac.jp
LOGGED IN
planetlab6.goto.info.waseda.ac.jp|2|16K|9.6G|4:57|6.67, 5.13, 4.66|06:50:30|No PHP
--------------------------------
Node 147 out of 197
NO CONNECTION: planetlab-1.cs.ucy.ac.cy
--------------------------------
Node 148 out of 197
CONNECTION: planetlab2.informatik.uni-goettingen.de
NOLOGIN 
--------------------------------
Node 149 out of 197
CONNECTION: planetlab-1.ing.unimo.it
LOGGED IN
planetlab-1.ing.unimo.it|2|4|162G|75 days 19:54|0.34, 0.35, 0.39|06:50:35|No PHP
--------------------------------
Node 150 out of 197
CONNECTION: planetlab2.cs.unc.edu
LOGGED IN
planetlab2.cs.unc.edu|2|16K|9.6G|5:19|6.95, 7.30, 6.88|06:50:37|No PHP
--------------------------------
Node 151 out of 197
ping: unknown host orval.infonet.fundp.ac.be
NO CONNECTION: orval.infonet.fundp.ac.be
--------------------------------
Node 152 out of 197
NO CONNECTION: planetlab2.thlab.net
--------------------------------
Node 153 out of 197
NO CONNECTION: planetlab1.willab.fi
--------------------------------
Node 154 out of 197
NO CONNECTION: planetlab2.willab.fi
--------------------------------
Node 155 out of 197
NO CONNECTION: planet1.inf.tu-dresden.de
--------------------------------
Node 156 out of 197
ping: unknown host plab1.tidprojects.com
NO CONNECTION: plab1.tidprojects.com
--------------------------------
Node 157 out of 197
CONNECTION: vn5.cse.wustl.edu
LOGGED IN
vn5.cse.wustl.edu|2|16K|9.6G|4:32|7.79, 5.73, 5.31|06:50:48|No PHP
--------------------------------
Node 158 out of 197
NO CONNECTION: ait05.us.es
--------------------------------
Node 159 out of 197
NO CONNECTION: planetlab2.urv.cat
--------------------------------
Node 160 out of 197
NO CONNECTION: onelab-2.fhi-fokus.de
--------------------------------
Node 161 out of 197
CONNECTION: planetlab2.research.nicta.com.au
LOGGED IN
planetlab2.research.nicta.com.au|2|4|395G|19 days 2:03|1.82, 1.88, 1.93|06:50:57|No PHP
--------------------------------
Node 162 out of 197
CONNECTION: prata.mimuw.edu.pl
LOGGED IN
prata.mimuw.edu.pl|2|16K|9.6G|5:48|0.24, 0.35, 0.38|06:50:59|No PHP
--------------------------------
Node 163 out of 197
CONNECTION: ple1.dmcs.p.lodz.pl
LOGGED IN
ple1.dmcs.p.lodz.pl|2|16K|9.6G|5:50|0.40, 0.49, 0.49|06:55:04|No PHP
--------------------------------
Node 164 out of 197
CONNECTION: planetlab1.upm.ro
LOGGED IN
planetlab1.upm.ro|2|16K|9.6G|5:52|1.92, 2.82, 2.85|06:51:03|No PHP
--------------------------------
Node 165 out of 197
CONNECTION: planetlab1.di.unito.it
LOGGED IN
planetlab1.di.unito.it|2|16K|9.6G|5:46|4.13, 3.43, 3.12|06:51:05|No PHP
--------------------------------
Node 166 out of 197
CONNECTION: righthand.eecs.harvard.edu
LOGGED IN
righthand.eecs.harvard.edu|2|16K|9.6G|4:41|0.80, 1.10, 1.09|06:51:06|No PHP
--------------------------------
Node 167 out of 197
ping: unknown host plab2.tidprojects.com
NO CONNECTION: plab2.tidprojects.com
--------------------------------
Node 168 out of 197
CONNECTION: planetlabeu-1.tssg.org
LOGGED IN
planetlabeu-1.tssg.org|2|16K|9.6G|5:42|2.51, 2.37, 2.34|06:51:08|No PHP
--------------------------------
Node 169 out of 197
NO CONNECTION: planetlab2lannion.elibel.tm.fr
--------------------------------
Node 170 out of 197
CONNECTION: planetlab1.ci.pwr.wroc.pl
LOGGED IN
planetlab1.ci.pwr.wroc.pl|2|16K|9.6G|5:42|1.26, 1.29, 1.30|06:51:13|No PHP
--------------------------------
Node 171 out of 197
CONNECTION: planetlab1.rd.tut.fi
LOGGED IN
planetlab1.rd.tut.fi|2|4|613G|38 days 17:33|0.43, 0.39, 0.35|06:51:19|No PHP
--------------------------------
Node 172 out of 197
NO CONNECTION: planetlab1.uc3m.es
--------------------------------
Node 173 out of 197
ping: unknown host chimay.infonet.fundp.ac.be
NO CONNECTION: chimay.infonet.fundp.ac.be
--------------------------------
Node 174 out of 197
NO CONNECTION: planetlab-2.cs.unibas.ch
--------------------------------
Node 175 out of 197
CONNECTION: plato.di.uoa.gr
LOGGED IN
plato.di.uoa.gr|2|4|861G|6 days 16:03|0.05, 0.04, 0.05|06:51:25|No PHP
--------------------------------
Node 176 out of 197
CONNECTION: plutarch.di.uoa.gr
LOGGED IN
plutarch.di.uoa.gr|2|4|861G|6 days 16:07|0.01, 0.03, 0.05|06:51:27|No PHP
--------------------------------
Node 177 out of 197
NO CONNECTION: planetlab2.uc3m.es
--------------------------------
Node 178 out of 197
CONNECTION: planetlab2.utt.fr
NOLOGIN 
--------------------------------
Node 179 out of 197
NO CONNECTION: planetlabpc1.upf.edu
--------------------------------
Node 180 out of 197
CONNECTION: planetlab1.ecs.vuw.ac.nz
LOGGED IN
planetlab1.ecs.vuw.ac.nz|2|16K|9.6G|4:34|3.31, 3.09, 2.93|06:51:36|No PHP
--------------------------------
Node 181 out of 197
CONNECTION: onelab4.warsaw.rd.tp.pl
LOGGED IN
onelab4.warsaw.rd.tp.pl|2|16K|9.6G|5:39|5.34, 9.34, 9.69|06:51:38|No PHP
--------------------------------
Node 182 out of 197
CONNECTION: planetlab1.upc.es
LOGGED IN
planetlab1.upc.es|2|16K|9.6G|5:44|5.58, 5.36, 5.27|06:51:40|No PHP
--------------------------------
Node 183 out of 197
NO CONNECTION: onelab7.iet.unipi.it
--------------------------------
Node 184 out of 197
CONNECTION: onelab2.info.ucl.ac.be
LOGGED IN
onelab2.info.ucl.ac.be|2|16K|9.6G|5:52|0.98, 1.17, 1.21|06:52:44|No PHP
--------------------------------
Node 185 out of 197
NO CONNECTION: planetlabeu-2.tssg.org
--------------------------------
Node 186 out of 197
CONNECTION: planetlab3.upc.es
LOGGED IN
planetlab3.upc.es|2|16K|9.6G|5:42|5.50, 5.11, 4.99|06:51:54|No PHP
--------------------------------
Node 187 out of 197
CONNECTION: planetlab2.eecs.jacobs-university.de
LOGGED IN
planetlab2.eecs.jacobs-university.de|2|16K|9.6G|5:47|7.78, 11.79, 10.90|06:51:59|No PHP
--------------------------------
Node 188 out of 197
CONNECTION: planetlab-2.ing.unimo.it
LOGGED IN
planetlab-2.ing.unimo.it|2|4|395G|75 days 20:01|0.77, 0.78, 0.73|06:52:01|No PHP
--------------------------------
Node 189 out of 197
CONNECTION: planetlab3.bupt.edu.cn
LOGGED IN
planetlab3.bupt.edu.cn|2|16K|9.6G|5:27|1.79, 1.95, 2.27|06:52:06|No PHP
--------------------------------
Node 190 out of 197
NO CONNECTION: planet2.unipr.it
--------------------------------
Node 191 out of 197
NO CONNECTION: planetlab1.informatik.uni-erlangen.de
--------------------------------
Node 192 out of 197
CONNECTION: ple1.ait.ac.th
LOGGED IN
ple1.ait.ac.th|2|16K|9.6G|5:42|13.64, 12.74, 11.67|06:52:15|No PHP
--------------------------------
Node 193 out of 197
CONNECTION: planetlab-2.tagus.ist.utl.pt
LOGGED IN
planetlab-2.tagus.ist.utl.pt|2|16K|9.6G|5:49|3.22, 3.70, 3.57|06:52:17|No PHP
--------------------------------
Node 194 out of 197
CONNECTION: gschembra3.diit.unict.it
LOGGED IN
gschembra3.diit.unict.it|2|16K|9.6G|5:46|5.03, 5.26, 5.31|06:52:20|No PHP
--------------------------------
Node 195 out of 197
CONNECTION: planetlab3.informatik.uni-erlangen.de
LOGGED IN
planetlab3.informatik.uni-erlangen.de|2|4|56G|25 days 22:35|0.26, 0.22, 0.23|06:42:15|No PHP
--------------------------------
Node 196 out of 197
CONNECTION: planetlab1.mta.ac.il
LOGGED IN
planetlab1.mta.ac.il|2|16K|9.6G|5:52|1.29, 1.44, 1.44|06:52:25|No PHP
--------------------------------
Node 197 out of 197
CONNECTION: planetlab-node3.it-sudparis.eu
LOGGED IN
planetlab-node3.it-sudparis.eu|2|16K|9.6G|5:43|1.86, 3.30, 3.52|06:52:27|No PHP
--------------------------------
-----------CYCLE COMPLETE-----------


--------------------------------
Node 1 out of 197
CONNECTION: planetlab1.urv.cat
LOGGED IN
planetlab1.urv.cat|2|16K|9.6G|5:47|0.14, 0.12, 0.14|06:52:29|No PHP
--------------------------------
Node 2 out of 197
CONNECTION: planetlab-2.man.poznan.pl
LOGGED IN
planetlab-2.man.poznan.pl|2|16K|9.6G|5:43|2.16, 2.27, 2.26|06:52:31|No PHP
--------------------------------
Node 3 out of 197
CONNECTION: planetlab1.cs.du.edu
LOGGED IN
planetlab1.cs.du.edu|2|16K|9.6G|4:40|15.78, 20.16, 20.20|06:52:33|No PHP
--------------------------------
Node 4 out of 197
CONNECTION: pl1.6test.edu.cn
LOGGED IN
pl1.6test.edu.cn|2|16K|9.6G|4:34|2.89, 2.83, 2.81|06:52:37|No PHP
--------------------------------
Node 5 out of 197
CONNECTION: planetlab-01.vt.nodes.planet-lab.org
LOGGED IN
planetlab-01.vt.nodes.planet-lab.org|2|16K|9.6G|5:01|3.97, 6.52, 6.42|06:52:38|No PHP
--------------------------------
Node 6 out of 197
CONNECTION: planetlab1.mini.pw.edu.pl
LOGGED IN
planetlab1.mini.pw.edu.pl|2|16K|9.6G|5:52|0.33, 0.30, 0.27|06:52:40|No PHP
--------------------------------
Node 7 out of 197
CONNECTION: pl2.uni-rostock.de
NOLOGIN 
--------------------------------
Node 8 out of 197
NO CONNECTION: planetlab2.fri.uni-lj.si
--------------------------------
Node 9 out of 197
NO CONNECTION: marie.iet.unipi.it
--------------------------------
Node 10 out of 197
NO CONNECTION: planetlab2-buenosaires.lan.redclara.net
--------------------------------
Node 11 out of 197
CONNECTION: planetlab1.citadel.edu
LOGGED IN
planetlab1.citadel.edu|2|16K|9.6G|5:50|8.83, 8.68, 9.63|07:10:46|No PHP
--------------------------------
Node 12 out of 197
CONNECTION: planetlab1.csee.usf.edu
LOGGED IN
planetlab1.csee.usf.edu|2|16K|9.6G|5:50|4.86, 4.61, 4.63|06:52:51|No PHP
--------------------------------
Node 13 out of 197
CONNECTION: roti.mimuw.edu.pl
NOLOGIN 
--------------------------------
Node 14 out of 197
CONNECTION: planetlab-2.sjtu.edu.cn
LOGGED IN
planetlab-2.sjtu.edu.cn|2|16K|9.6G|6:23|1.72, 1.94, 2.04|06:52:57|No PHP
--------------------------------
Node 15 out of 197
CONNECTION: aladdin.planetlab.extranet.uni-passau.de
NOLOGIN 
--------------------------------
Node 16 out of 197
NO CONNECTION: planetlab2.hiit.fi
--------------------------------
Node 17 out of 197
NO CONNECTION: planetlab1.hiit.fi
--------------------------------
Node 18 out of 197
CONNECTION: salt.planetlab.cs.umd.edu
LOGGED IN
salt.planetlab.cs.umd.edu|2|16K|9.6G|4:56|0.58, 0.72, 0.78|06:53:03|No PHP
--------------------------------
Node 19 out of 197
CONNECTION: planetlab1.ustc.edu.cn
LOGGED IN
planetlab1.ustc.edu.cn|2|16K|9.6G|6:04|2.23, 1.99, 1.88|06:53:08|No PHP
--------------------------------
Node 20 out of 197
CONNECTION: planetlab1.utdallas.edu
LOGGED IN
planetlab1.utdallas.edu|2|16K|9.6G|4:09|11.81, 10.23, 9.12|06:53:14|No PHP
--------------------------------
Node 21 out of 197
NO CONNECTION: planetlab-2.cs.colostate.edu
--------------------------------
Node 22 out of 197
CONNECTION: planetlab2.jcp-consult.net
LOGGED IN
planetlab2.jcp-consult.net|2|16K|9.6G|5:50|2.35, 2.49, 2.40|06:53:23|No PHP
--------------------------------
Node 23 out of 197
CONNECTION: pl2.6test.edu.cn
LOGGED IN
pl2.6test.edu.cn|2|16K|9.6G|5:55|2.15, 2.23, 2.32|06:53:29|No PHP
--------------------------------
Node 24 out of 197
CONNECTION: lefthand.eecs.harvard.edu
LOGGED IN
lefthand.eecs.harvard.edu|2|20K|9.6G|6:05|8.01, 8.28, 8.43|06:53:30|No PHP
--------------------------------
Node 25 out of 197
NO CONNECTION: planetlab01.dis.unina.it
--------------------------------
Node 26 out of 197
CONNECTION: planetlab1.jcp-consult.net
NOLOGIN 
--------------------------------
Node 27 out of 197
CONNECTION: planetlab-2.cse.ohio-state.edu
NOLOGIN 
--------------------------------
Node 28 out of 197
CONNECTION: planetlab2.utdallas.edu
LOGGED IN
planetlab2.utdallas.edu|2|16K|9.6G|5:55|12.03, 7.21, 6.85|06:53:43|No PHP
--------------------------------
Node 29 out of 197
CONNECTION: planetlab3.wail.wisc.edu
LOGGED IN
planetlab3.wail.wisc.edu|2|16K|9.6G|4:57|8.18, 9.06, 8.91|06:53:44|No PHP
--------------------------------
Node 30 out of 197
NO CONNECTION: ple01.fc.univie.ac.at
--------------------------------
Node 31 out of 197
NO CONNECTION: onelab1.warsaw.rd.tp.pl
--------------------------------
Node 32 out of 197
CONNECTION: planetlab2.cs.uml.edu
LOGGED IN
planetlab2.cs.uml.edu|2|16K|9.6G|6:18|1.30, 1.75, 1.75|06:53:49|No PHP
--------------------------------
Node 33 out of 197
CONNECTION: host4.planetlab.informatik.tu-darmstadt.de
NOLOGIN 
--------------------------------
Node 34 out of 197
NO CONNECTION: planetlab-1.imperial.ac.uk
--------------------------------
Node 35 out of 197
NO CONNECTION: planetlab-2.imag.fr
--------------------------------
Node 36 out of 197
CONNECTION: dplanet1.uoc.edu
LOGGED IN
dplanet1.uoc.edu|2|16K|9.6G|5:55|0.35, 0.45, 0.44|06:53:56|No PHP
--------------------------------
Node 37 out of 197
CONNECTION: planetlab2.upc.es
LOGGED IN
planetlab2.upc.es|2|16K|9.6G|5:47|2.69, 2.91, 2.93|06:53:59|No PHP
--------------------------------
Node 38 out of 197
CONNECTION: utet.ii.uam.es
LOGGED IN
utet.ii.uam.es|2|16K|9.6G|5:34|0.55, 1.12, 1.21|06:54:20|No PHP
--------------------------------
Node 39 out of 197
CONNECTION: planetlab1.utt.fr
LOGGED IN
planetlab1.utt.fr|2|16K|9.6G|5:47|2.51, 2.34, 2.30|06:54:23|No PHP
--------------------------------
Node 40 out of 197
CONNECTION: planetlab1.sfc.wide.ad.jp
LOGGED IN
planetlab1.sfc.wide.ad.jp|2|16K|9.6G|5:39|3.88, 4.54, 4.71|06:54:26|No PHP
--------------------------------
Node 41 out of 197
CONNECTION: planetlab1.uta.edu
LOGGED IN
planetlab1.uta.edu|2|16K|9.6G|4:17|295.01, 293.81, 290.89|06:54:29|No PHP
--------------------------------
Node 42 out of 197
CONNECTION: planetlab1.cnis.nyit.edu
NOLOGIN 
--------------------------------
Node 43 out of 197
CONNECTION: pl2.cs.montana.edu
LOGGED IN
pl2.cs.montana.edu|2|16K|9.6G|6:11|1.89, 2.40, 2.21|06:54:31|No PHP
--------------------------------
Node 44 out of 197
CONNECTION: planetlab3.net.in.tum.de
LOGGED IN
planetlab3.net.in.tum.de|2|4|79G|3 days 13:52|0.38, 0.54, 0.49|06:54:33|No PHP
--------------------------------
Node 45 out of 197
NO CONNECTION: planetlab2.dit.upm.es
--------------------------------
Node 46 out of 197
CONNECTION: planetlab1.cqupt.edu.cn
LOGGED IN
planetlab1.cqupt.edu.cn|2|16K|9.6G|4:48|2.83, 2.66, 2.62|06:54:48|No PHP
--------------------------------
Node 47 out of 197
CONNECTION: planetvs2.informatik.uni-stuttgart.de
LOGGED IN
planetvs2.informatik.uni-stuttgart.de|2|16K|9.6G|5:56|1.06, 1.11, 1.09|06:54:49|No PHP
--------------------------------
Node 48 out of 197
NO CONNECTION: planetlab-2.scie.uestc.edu.cn
--------------------------------
Node 49 out of 197
CONNECTION: pli1-pa-3.hpl.hp.com
LOGGED IN
pli1-pa-3.hpl.hp.com|2|16K|9.6G|4:32|0.50, 0.52, 0.70|06:54:53|No PHP
--------------------------------
Node 50 out of 197
CONNECTION: pl2.eng.monash.edu.au
LOGGED IN
pl2.eng.monash.edu.au|2|16K|9.6G|5:03|3.21, 3.08, 3.06|06:54:58|No PHP
--------------------------------
Node 51 out of 197
CONNECTION: planetlab-1.ssvl.kth.se
LOGGED IN
planetlab-1.ssvl.kth.se|2|16K|9.6G|4:31|14.32, 15.30, 15.35|06:55:10|No PHP
--------------------------------
Node 52 out of 197
NO CONNECTION: node2pl.planet-lab.telecom-lille1.eu
--------------------------------
Node 53 out of 197
NO CONNECTION: planetlab2.upm.ro
--------------------------------
Node 54 out of 197
CONNECTION: planetlab1.tmit.bme.hu
LOGGED IN
planetlab1.tmit.bme.hu|2|16K|9.6G|5:58|0.20, 0.22, 0.18|06:55:16|No PHP
--------------------------------
Node 55 out of 197
CONNECTION: planetlab2.cs.okstate.edu
NOLOGIN 
--------------------------------
Node 56 out of 197
CONNECTION: planetlab1.clemson.edu
NOLOGIN 
--------------------------------
Node 57 out of 197
CONNECTION: planetlab2.clemson.edu
NOLOGIN 
--------------------------------
Node 58 out of 197
CONNECTION: planetlab-2.fhi-fokus.de
LOGGED IN
planetlab-2.fhi-fokus.de|2|8|227G|76 days 17:33|0.38, 0.49, 0.51|06:55:20|No PHP
--------------------------------
Node 59 out of 197
ping: unknown host pl2.ccsrfi.net
NO CONNECTION: pl2.ccsrfi.net
--------------------------------
Node 60 out of 197
CONNECTION: peeramidion.irisa.fr
NOLOGIN 
--------------------------------
Node 61 out of 197
ping: unknown host pl1.ccsrfi.net
NO CONNECTION: pl1.ccsrfi.net
--------------------------------
Node 62 out of 197
CONNECTION: planetlab2.netlab.uky.edu
LOGGED IN
planetlab2.netlab.uky.edu|2|16K|9.6G|4:51|19.00, 19.34, 19.48|06:56:12|No PHP
--------------------------------
Node 63 out of 197
CONNECTION: planetlab-um00.di.uminho.pt
NOLOGIN 
--------------------------------
Node 64 out of 197
CONNECTION: planetlab2.cs.otago.ac.nz
LOGGED IN
planetlab2.cs.otago.ac.nz|2|16K|9.6G|4:52|4.56, 4.04, 3.97|06:56:17|No PHP
--------------------------------
Node 65 out of 197
NO CONNECTION: planetlab2.tau.ac.il
--------------------------------
Node 66 out of 197
CONNECTION: planet-lab1.uba.ar
LOGGED IN
planet-lab1.uba.ar|2|16K|9.6G|2:29|356.84, 355.79, 352.95|06:56:23|No PHP
--------------------------------
Node 67 out of 197
CONNECTION: dannan.disy.inf.uni-konstanz.de
NOLOGIN 
--------------------------------
Node 68 out of 197
NO CONNECTION: 147-179.surfsnel.dsl.internl.net
--------------------------------
Node 69 out of 197
CONNECTION: plab4.ple.silweb.pl
LOGGED IN
plab4.ple.silweb.pl|2|16K|9.6G|5:55|5.28, 5.28, 6.58|06:56:30|No PHP
--------------------------------
Node 70 out of 197
CONNECTION: planetlab2.sfc.wide.ad.jp
NOLOGIN 
--------------------------------
Node 71 out of 197
CONNECTION: 75-130-96-12.static.oxfr.ma.charter.com
LOGGED IN
75-130-96-12.static.oxfr.ma.charter.com|2|16K|9.6G|5:45|400.59, 399.11, 396.26|06:56:32|No PHP
--------------------------------
Node 72 out of 197
NO CONNECTION: planetlab02.dis.unina.it
--------------------------------
Node 73 out of 197
NO CONNECTION: planetlab-1.imag.fr
--------------------------------
Node 74 out of 197
CONNECTION: node2.planetlab.mathcs.emory.edu
LOGGED IN
node2.planetlab.mathcs.emory.edu|2|16K|9.6G|4:31|15.69, 15.82, 15.49|06:56:37|No PHP
--------------------------------
Node 75 out of 197
CONNECTION: planetlab1.informatik.uni-goettingen.de
LOGGED IN
planetlab1.informatik.uni-goettingen.de|2|16K|9.6G|5:55|0.47, 1.36, 1.65|06:47:34|No PHP
--------------------------------
Node 76 out of 197
NO CONNECTION: planet2.l3s.uni-hannover.de
--------------------------------
Node 77 out of 197
CONNECTION: planetlab-js2.cert.org.cn
LOGGED IN
planetlab-js2.cert.org.cn|2|16K|9.6G|6:21|2.45, 2.05, 1.88|06:56:45|No PHP
--------------------------------
Node 78 out of 197
CONNECTION: planetlab-1.sjtu.edu.cn
LOGGED IN
planetlab-1.sjtu.edu.cn|2|16K|9.6G|5:28|1.98, 1.99, 1.95|06:56:50|No PHP
--------------------------------
Node 79 out of 197
CONNECTION: planetlab1.eecs.umich.edu
LOGGED IN
planetlab1.eecs.umich.edu|2|16K|9.6G|6:04|57.47, 56.74, 55.64|06:56:56|No PHP
--------------------------------
Node 80 out of 197
CONNECTION: pl4.cs.unm.edu
LOGGED IN
pl4.cs.unm.edu|2|16K|9.6G|5:36|1.27, 1.93, 1.97|06:56:58|No PHP
--------------------------------
Node 81 out of 197
NO CONNECTION: planetlab2.fct.ualg.pt
--------------------------------
Node 82 out of 197
CONNECTION: planetlab-1.cse.ohio-state.edu
LOGGED IN
planetlab-1.cse.ohio-state.edu|2|16K|9.6G|4:48|4.04, 3.76, 3.65|06:57:01|No PHP
--------------------------------
Node 83 out of 197
NO CONNECTION: planetlab1.ionio.gr
--------------------------------
Node 84 out of 197
CONNECTION: planetlab2.ucsd.edu
LOGGED IN
planetlab2.ucsd.edu|2|16K|9.6G|4:37|18.31, 25.22, 23.64|06:56:52|No PHP
--------------------------------
Node 85 out of 197
NO CONNECTION: planetlab1lannion.elibel.tm.fr
--------------------------------
Node 86 out of 197
NO CONNECTION: planetlab2.science.unitn.it
--------------------------------
Node 87 out of 197
ping: unknown host uoepl1.essex.ac.uk
NO CONNECTION: uoepl1.essex.ac.uk
--------------------------------
Node 88 out of 197
NO CONNECTION: planetlab2.unineuchatel.ch
--------------------------------
Node 89 out of 197
CONNECTION: planetlab3.mini.pw.edu.pl
LOGGED IN
planetlab3.mini.pw.edu.pl|2|16K|9.6G|4:42|1.60, 2.06, 2.07|06:57:20|No PHP
--------------------------------
Node 90 out of 197
CONNECTION: planetlab1.ifi.uio.no
LOGGED IN
planetlab1.ifi.uio.no|2|16K|9.6G|5:55|3.25, 3.41, 3.70|08:16:38|No PHP
--------------------------------
Node 91 out of 197
CONNECTION: planetlab2.ifi.uio.no
NOLOGIN 
--------------------------------
Node 92 out of 197
NO CONNECTION: planetlab2.eurecom.fr
--------------------------------
Node 93 out of 197
CONNECTION: planetlab4.hiit.fi
LOGGED IN
planetlab4.hiit.fi|2|16K|9.6G|5:47|1.09, 1.08, 1.08|06:57:26|No PHP
--------------------------------
Node 94 out of 197
CONNECTION: planetlab2.extern.kuleuven.be
LOGGED IN
planetlab2.extern.kuleuven.be|2|16K|9.6G|5:47|1.27, 1.25, 1.19|06:57:27|No PHP
--------------------------------
Node 95 out of 197
NO CONNECTION: planetlab2.tmit.bme.hu
--------------------------------
Node 96 out of 197
NO CONNECTION: planetlab-1.man.poznan.pl
--------------------------------
Node 97 out of 197
NO CONNECTION: planetlab02.cs.tcd.ie
--------------------------------
Node 98 out of 197
NO CONNECTION: planetlab2.mta.ac.il
--------------------------------
Node 99 out of 197
NO CONNECTION: planetlab1.cyfronet.pl
--------------------------------
Node 100 out of 197
NO CONNECTION: planetlab1.bgu.ac.il
--------------------------------
Node 101 out of 197
CONNECTION: planetlab1.extern.kuleuven.be
LOGGED IN
planetlab1.extern.kuleuven.be|2|16K|9.6G|5:54|2.06, 1.99, 1.99|06:57:41|No PHP
--------------------------------
Node 102 out of 197
NO CONNECTION: planet1.unipr.it
--------------------------------
Node 103 out of 197
CONNECTION: ple2.dmcs.p.lodz.pl
LOGGED IN
ple2.dmcs.p.lodz.pl|2|16K|9.6G|5:50|0.56, 0.60, 0.47|07:03:11|No PHP
--------------------------------
Node 104 out of 197
CONNECTION: pandora.we.po.opole.pl
NOLOGIN 
--------------------------------
Node 105 out of 197
CONNECTION: planck227ple.test.ibbt.be
LOGGED IN
planck227ple.test.ibbt.be|2|16K|9.6G|6:00|27.89, 25.39, 22.19|06:58:09|No PHP
--------------------------------
Node 106 out of 197
NO CONNECTION: planetlab3.comp.nus.edu.sg
--------------------------------
Node 107 out of 197
CONNECTION: planet2.servers.ua.pt
LOGGED IN
planet2.servers.ua.pt|2|16K|9.6G|5:48|5.30, 5.69, 5.82|06:58:13|No PHP
--------------------------------
Node 108 out of 197
CONNECTION: planetlab4.csee.usf.edu
NOLOGIN 
--------------------------------
Node 109 out of 197
CONNECTION: planetlab2.ecs.vuw.ac.nz
LOGGED IN
planetlab2.ecs.vuw.ac.nz|2|16K|9.6G|5:42|4.99, 5.16, 4.75|06:58:17|No PHP
--------------------------------
Node 110 out of 197
CONNECTION: host3.planetlab.informatik.tu-darmstadt.de
NOLOGIN 
--------------------------------
Node 111 out of 197
CONNECTION: planet-lab-node2.netgroup.uniroma2.it
LOGGED IN
planet-lab-node2.netgroup.uniroma2.it|2|16K|9.6G|5:56|3.57, 3.65, 3.92|06:58:20|No PHP
--------------------------------
Node 112 out of 197
CONNECTION: inriarennes2.irisa.fr
LOGGED IN
inriarennes2.irisa.fr|2|16K|9.6G|5:58|2.73, 3.52, 3.76|06:58:22|No PHP
--------------------------------
Node 113 out of 197
CONNECTION: planet1.servers.ua.pt
LOGGED IN
planet1.servers.ua.pt|2|16K|9.6G|5:51|4.00, 5.07, 5.40|06:58:25|No PHP
--------------------------------
Node 114 out of 197
CONNECTION: pl1.sos.info.hiroshima-cu.ac.jp
LOGGED IN
pl1.sos.info.hiroshima-cu.ac.jp|2|16K|9.6G|4:33|2.04, 2.55, 2.49|06:58:28|No PHP
--------------------------------
Node 115 out of 197
CONNECTION: node1.planetlab.uni-luebeck.de
NOLOGIN 
--------------------------------
Node 116 out of 197
CONNECTION: node2.planetlab.uni-luebeck.de
LOGGED IN
node2.planetlab.uni-luebeck.de|2|4|1.8T|13 days 22:48|0.25, 0.29, 0.30|06:58:31|No PHP
--------------------------------
Node 117 out of 197
CONNECTION: host1.planetlab.informatik.tu-darmstadt.de
LOGGED IN
host1.planetlab.informatik.tu-darmstadt.de|2|4|1.8T|33 days 17:26|0.09, 0.15, 0.14|06:58:33|No PHP
--------------------------------
Node 118 out of 197
CONNECTION: iraplab1.iralab.uni-karlsruhe.de
LOGGED IN
iraplab1.iralab.uni-karlsruhe.de|2|16K|9.6G|5:57|9.21, 8.04, 7.38|06:55:53|No PHP
--------------------------------
Node 119 out of 197
CONNECTION: planetlab3.hiit.fi
LOGGED IN
planetlab3.hiit.fi|2|16K|9.6G|5:53|1.44, 1.44, 1.51|06:58:36|No PHP
--------------------------------
Node 120 out of 197
NO CONNECTION: 146-179.surfsnel.dsl.internl.net
--------------------------------
Node 121 out of 197
ping: unknown host evghu4.colbud.hu
NO CONNECTION: evghu4.colbud.hu
--------------------------------
Node 122 out of 197
ping: unknown host evghu5.colbud.hu
NO CONNECTION: evghu5.colbud.hu
--------------------------------
Node 123 out of 197
ping: unknown host evghu6.colbud.hu
NO CONNECTION: evghu6.colbud.hu
--------------------------------
Node 124 out of 197
ping: unknown host evghu7.colbud.hu
NO CONNECTION: evghu7.colbud.hu
--------------------------------
Node 125 out of 197
CONNECTION: planetlab4.williams.edu
LOGGED IN
planetlab4.williams.edu|2|16K|9.6G|5:05|5.76, 5.15, 5.22|06:58:39|No PHP
--------------------------------
Node 126 out of 197
CONNECTION: planetlab-1.research.netlab.hut.fi
LOGGED IN
planetlab-1.research.netlab.hut.fi|2|16K|9.6G|5:57|2.58, 2.63, 2.61|06:58:41|No PHP
--------------------------------
Node 127 out of 197
CONNECTION: planetlab1.cs.uoi.gr
LOGGED IN
planetlab1.cs.uoi.gr|2|16K|9.6G|4:53|1.04, 1.12, 1.09|06:58:45|No PHP
--------------------------------
Node 128 out of 197
NO CONNECTION: planetlab04.cnds.unibe.ch
--------------------------------
Node 129 out of 197
CONNECTION: planetlab2.s3.kth.se
LOGGED IN
planetlab2.s3.kth.se|2|16K|9.6G|5:50|1.57, 1.45, 1.39|06:58:49|No PHP
--------------------------------
Node 130 out of 197
ping: unknown host evghu10.colbud.hu
NO CONNECTION: evghu10.colbud.hu
--------------------------------
Node 131 out of 197
ping: unknown host evghu2.colbud.hu
NO CONNECTION: evghu2.colbud.hu
--------------------------------
Node 132 out of 197
NO CONNECTION: planetlab-1.iscte.pt
--------------------------------
Node 133 out of 197
CONNECTION: planetlab2.ci.pwr.wroc.pl
LOGGED IN
planetlab2.ci.pwr.wroc.pl|2|16K|9.6G|5:55|1.22, 1.17, 1.17|06:58:53|No PHP
--------------------------------
Node 134 out of 197
NO CONNECTION: planetlab01.cs.tcd.ie
--------------------------------
Node 135 out of 197
NO CONNECTION: planet2.cs.huji.ac.il
--------------------------------
Node 136 out of 197
CONNECTION: planetlab2.diku.dk
LOGGED IN
planetlab2.diku.dk|2|16K|9.6G|1:34|741.87, 818.45, 819.90|07:00:03|No PHP
--------------------------------
Node 137 out of 197
CONNECTION: ricepl-5.cs.rice.edu
LOGGED IN
ricepl-5.cs.rice.edu|2|16K|9.6G|5:49|0.95, 1.11, 1.19|06:58:59|No PHP
--------------------------------
Node 138 out of 197
CONNECTION: planetlab-4.imperial.ac.uk
LOGGED IN
planetlab-4.imperial.ac.uk|2|16K|9.6G|4:32|100.06, 98.78, 95.80|06:59:00|No PHP
--------------------------------
Node 139 out of 197
CONNECTION: planetlab2.cs.uit.no
LOGGED IN
planetlab2.cs.uit.no|2|16K|9.6G|4:03|50.96, 41.53, 23.54|06:59:03|No PHP
--------------------------------
Node 140 out of 197
NO CONNECTION: planetlab-4.cs.ucy.ac.cy
--------------------------------
Node 141 out of 197
CONNECTION: planetlab-12.e5.ijs.si
LOGGED IN
planetlab-12.e5.ijs.si|2|16K|9.6G|6:01|1.11, 1.27, 1.50|06:59:07|No PHP
--------------------------------
Node 142 out of 197
NO CONNECTION: planetlab01.ethz.ch
--------------------------------
Node 143 out of 197
CONNECTION: planetlab1.fct.ualg.pt
LOGGED IN
planetlab1.fct.ualg.pt|2|16K|9.6G|5:56|4.48, 8.96, 10.69|06:59:13|No PHP
--------------------------------
Node 144 out of 197
CONNECTION: planetlab1.dit.upm.es
LOGGED IN
planetlab1.dit.upm.es|2|16K|9.6G|5:58|5.82, 7.12, 6.67|06:59:15|No PHP
--------------------------------
Node 145 out of 197
CONNECTION: iraplab2.iralab.uni-karlsruhe.de
LOGGED IN
iraplab2.iralab.uni-karlsruhe.de|2|16K|9.6G|5:56|1.15, 1.25, 1.24|06:12:24|No PHP
--------------------------------
Node 146 out of 197
CONNECTION: planetlab6.goto.info.waseda.ac.jp
LOGGED IN
planetlab6.goto.info.waseda.ac.jp|2|16K|9.6G|5:06|2.84, 4.72, 4.73|06:59:19|No PHP
--------------------------------
Node 147 out of 197
NO CONNECTION: planetlab-1.cs.ucy.ac.cy
--------------------------------
Node 148 out of 197
CONNECTION: planetlab2.informatik.uni-goettingen.de
NOLOGIN 
--------------------------------
Node 149 out of 197
CONNECTION: planetlab-1.ing.unimo.it
LOGGED IN
planetlab-1.ing.unimo.it|2|4|162G|75 days 20:03|0.46, 0.44, 0.42|06:59:25|No PHP
--------------------------------
Node 150 out of 197
CONNECTION: planetlab2.cs.unc.edu
LOGGED IN
planetlab2.cs.unc.edu|2|16K|9.6G|5:27|5.94, 6.71, 6.71|06:59:26|No PHP
--------------------------------
Node 151 out of 197
ping: unknown host orval.infonet.fundp.ac.be
NO CONNECTION: orval.infonet.fundp.ac.be
--------------------------------
Node 152 out of 197
NO CONNECTION: planetlab2.thlab.net
--------------------------------
Node 153 out of 197
NO CONNECTION: planetlab1.willab.fi
--------------------------------
Node 154 out of 197
NO CONNECTION: planetlab2.willab.fi
--------------------------------
Node 155 out of 197
NO CONNECTION: planet1.inf.tu-dresden.de
--------------------------------
Node 156 out of 197
ping: unknown host plab1.tidprojects.com
NO CONNECTION: plab1.tidprojects.com
--------------------------------
Node 157 out of 197
CONNECTION: vn5.cse.wustl.edu
LOGGED IN
vn5.cse.wustl.edu|2|16K|9.6G|4:41|4.25, 4.54, 4.87|06:59:33|No PHP
--------------------------------
Node 158 out of 197
NO CONNECTION: ait05.us.es
--------------------------------
Node 159 out of 197
NO CONNECTION: planetlab2.urv.cat
--------------------------------
Node 160 out of 197
NO CONNECTION: onelab-2.fhi-fokus.de
--------------------------------
Node 161 out of 197
CONNECTION: planetlab2.research.nicta.com.au
LOGGED IN
planetlab2.research.nicta.com.au|2|4|395G|19 days 2:12|1.62, 1.73, 1.84|06:59:42|No PHP
--------------------------------
Node 162 out of 197
CONNECTION: prata.mimuw.edu.pl
LOGGED IN
prata.mimuw.edu.pl|2|16K|9.6G|5:57|0.36, 0.55, 0.46|06:59:44|No PHP
--------------------------------
Node 163 out of 197
CONNECTION: ple1.dmcs.p.lodz.pl
LOGGED IN
ple1.dmcs.p.lodz.pl|2|16K|9.6G|5:58|0.70, 0.66, 0.54|07:03:49|No PHP
--------------------------------
Node 164 out of 197
CONNECTION: planetlab1.upm.ro
LOGGED IN
planetlab1.upm.ro|2|16K|9.6G|6:01|2.07, 2.48, 2.63|06:59:48|No PHP
--------------------------------
Node 165 out of 197
CONNECTION: planetlab1.di.unito.it
LOGGED IN
planetlab1.di.unito.it|2|16K|9.6G|5:54|2.54, 2.75, 2.89|06:59:50|No PHP
--------------------------------
Node 166 out of 197
CONNECTION: righthand.eecs.harvard.edu
LOGGED IN
righthand.eecs.harvard.edu|2|16K|9.6G|4:50|0.91, 1.00, 1.04|06:59:51|No PHP
--------------------------------
Node 167 out of 197
ping: unknown host plab2.tidprojects.com
NO CONNECTION: plab2.tidprojects.com
--------------------------------
Node 168 out of 197
CONNECTION: planetlabeu-1.tssg.org
LOGGED IN
planetlabeu-1.tssg.org|2|16K|9.6G|5:51|2.29, 2.26, 2.27|06:59:53|No PHP
--------------------------------
Node 169 out of 197
NO CONNECTION: planetlab2lannion.elibel.tm.fr
--------------------------------
Node 170 out of 197
CONNECTION: planetlab1.ci.pwr.wroc.pl
LOGGED IN
planetlab1.ci.pwr.wroc.pl|2|16K|9.6G|5:51|1.30, 1.34, 1.30|06:59:58|No PHP
--------------------------------
Node 171 out of 197
CONNECTION: planetlab1.rd.tut.fi
LOGGED IN
planetlab1.rd.tut.fi|2|4|613G|38 days 17:41|0.47, 0.40, 0.35|07:00:00|No PHP
--------------------------------
Node 172 out of 197
NO CONNECTION: planetlab1.uc3m.es
--------------------------------
Node 173 out of 197
ping: unknown host chimay.infonet.fundp.ac.be
NO CONNECTION: chimay.infonet.fundp.ac.be
--------------------------------
Node 174 out of 197
NO CONNECTION: planetlab-2.cs.unibas.ch
--------------------------------
Node 175 out of 197
CONNECTION: plato.di.uoa.gr
LOGGED IN
plato.di.uoa.gr|2|4|861G|6 days 16:12|0.01, 0.04, 0.05|07:00:06|No PHP
--------------------------------
Node 176 out of 197
CONNECTION: plutarch.di.uoa.gr
LOGGED IN
plutarch.di.uoa.gr|2|4|861G|6 days 16:15|0.03, 0.04, 0.05|07:00:08|No PHP
--------------------------------
Node 177 out of 197
NO CONNECTION: planetlab2.uc3m.es
--------------------------------
Node 178 out of 197
CONNECTION: planetlab2.utt.fr
NOLOGIN 
--------------------------------
Node 179 out of 197
NO CONNECTION: planetlabpc1.upf.edu
--------------------------------
Node 180 out of 197
CONNECTION: planetlab1.ecs.vuw.ac.nz
LOGGED IN
planetlab1.ecs.vuw.ac.nz|2|16K|9.6G|4:43|2.43, 3.00, 3.02|07:00:17|No PHP
--------------------------------
Node 181 out of 197
CONNECTION: onelab4.warsaw.rd.tp.pl
LOGGED IN
onelab4.warsaw.rd.tp.pl|2|16K|9.6G|5:48|17.79, 12.10, 10.42|07:00:19|No PHP
--------------------------------
Node 182 out of 197
CONNECTION: planetlab1.upc.es
LOGGED IN
planetlab1.upc.es|2|16K|9.6G|5:53|5.08, 5.13, 5.21|07:00:22|No PHP
--------------------------------
Node 183 out of 197
NO CONNECTION: onelab7.iet.unipi.it
--------------------------------
Node 184 out of 197
CONNECTION: onelab2.info.ucl.ac.be
LOGGED IN
onelab2.info.ucl.ac.be|2|16K|9.6G|6:01|2.43, 1.77, 1.41|07:01:26|No PHP
--------------------------------
Node 185 out of 197
NO CONNECTION: planetlabeu-2.tssg.org
--------------------------------
Node 186 out of 197
CONNECTION: planetlab3.upc.es
LOGGED IN
planetlab3.upc.es|2|16K|9.6G|5:51|11.88, 7.85, 6.13|07:00:36|No PHP
--------------------------------
Node 187 out of 197
CONNECTION: planetlab2.eecs.jacobs-university.de
LOGGED IN
planetlab2.eecs.jacobs-university.de|2|16K|9.6G|5:55|5.43, 9.79, 10.44|07:00:41|No PHP
--------------------------------
Node 188 out of 197
CONNECTION: planetlab-2.ing.unimo.it
LOGGED IN
planetlab-2.ing.unimo.it|2|4|395G|75 days 20:10|1.04, 0.83, 0.76|07:00:43|No PHP
--------------------------------
Node 189 out of 197
CONNECTION: planetlab3.bupt.edu.cn
LOGGED IN
planetlab3.bupt.edu.cn|2|16K|9.6G|5:35|4.06, 2.85, 2.46|07:00:48|No PHP
--------------------------------
Node 190 out of 197
NO CONNECTION: planet2.unipr.it
--------------------------------
Node 191 out of 197
NO CONNECTION: planetlab1.informatik.uni-erlangen.de
--------------------------------
Node 192 out of 197
CONNECTION: ple1.ait.ac.th
LOGGED IN
ple1.ait.ac.th|2|16K|9.6G|5:50|8.15, 9.00, 10.13|07:00:56|No PHP
--------------------------------
Node 193 out of 197
CONNECTION: planetlab-2.tagus.ist.utl.pt
LOGGED IN
planetlab-2.tagus.ist.utl.pt|2|16K|9.6G|5:58|4.47, 3.51, 3.43|07:00:58|No PHP
--------------------------------
Node 194 out of 197
CONNECTION: gschembra3.diit.unict.it
LOGGED IN
gschembra3.diit.unict.it|2|16K|9.6G|5:55|5.31, 5.12, 5.21|07:01:01|No PHP
--------------------------------
Node 195 out of 197
CONNECTION: planetlab3.informatik.uni-erlangen.de
LOGGED IN
planetlab3.informatik.uni-erlangen.de|2|4|56G|25 days 22:44|0.18, 0.27, 0.25|06:50:56|No PHP
--------------------------------
Node 196 out of 197
CONNECTION: planetlab1.mta.ac.il
LOGGED IN
planetlab1.mta.ac.il|2|16K|9.6G|6:00|1.44, 1.47, 1.44|07:01:13|No PHP
--------------------------------
Node 197 out of 197
CONNECTION: planetlab-node3.it-sudparis.eu
LOGGED IN
planetlab-node3.it-sudparis.eu|2|16K|9.6G|5:51|3.58, 3.03, 3.15|07:01:15|No PHP
--------------------------------
-----------CYCLE COMPLETE-----------


--------------------------------
Node 1 out of 197
CONNECTION: planetlab1.urv.cat
LOGGED IN
planetlab1.urv.cat|2|16K|9.6G|5:56|0.03, 0.17, 0.16|07:01:17|No PHP
--------------------------------
Node 2 out of 197
CONNECTION: planetlab-2.man.poznan.pl
LOGGED IN
planetlab-2.man.poznan.pl|2|16K|9.6G|5:52|3.80, 2.61, 2.34|07:01:19|No PHP
--------------------------------
Node 3 out of 197
CONNECTION: planetlab1.cs.du.edu
LOGGED IN
planetlab1.cs.du.edu|2|16K|9.6G|4:49|21.31, 20.37, 20.18|07:01:21|No PHP
--------------------------------
Node 4 out of 197
CONNECTION: pl1.6test.edu.cn
LOGGED IN
pl1.6test.edu.cn|2|16K|9.6G|4:43|3.64, 2.84, 2.78|07:01:25|No PHP
--------------------------------
Node 5 out of 197
CONNECTION: planetlab-01.vt.nodes.planet-lab.org
LOGGED IN
planetlab-01.vt.nodes.planet-lab.org|2|16K|9.6G|5:10|6.89, 6.05, 6.07|07:01:26|No PHP
--------------------------------
Node 6 out of 197
CONNECTION: planetlab1.mini.pw.edu.pl
LOGGED IN
planetlab1.mini.pw.edu.pl|2|16K|9.6G|6:01|0.70, 0.40, 0.30|07:01:27|No PHP
--------------------------------
Node 7 out of 197
CONNECTION: pl2.uni-rostock.de
NOLOGIN 
--------------------------------
Node 8 out of 197
NO CONNECTION: planetlab2.fri.uni-lj.si
--------------------------------
Node 9 out of 197
NO CONNECTION: marie.iet.unipi.it
--------------------------------
Node 10 out of 197
NO CONNECTION: planetlab2-buenosaires.lan.redclara.net
--------------------------------
Node 11 out of 197
CONNECTION: planetlab1.citadel.edu
LOGGED IN
planetlab1.citadel.edu|2|16K|9.6G|5:59|9.92, 10.83, 10.29|07:19:33|No PHP
--------------------------------
Node 12 out of 197
CONNECTION: planetlab1.csee.usf.edu
LOGGED IN
planetlab1.csee.usf.edu|2|16K|9.6G|5:58|6.05, 5.17, 4.83|07:01:38|No PHP
--------------------------------
Node 13 out of 197
CONNECTION: roti.mimuw.edu.pl
NOLOGIN 
--------------------------------
Node 14 out of 197
CONNECTION: planetlab-2.sjtu.edu.cn
LOGGED IN
planetlab-2.sjtu.edu.cn|2|16K|9.6G|6:31|1.98, 2.04, 2.05|07:01:43|No PHP
--------------------------------
Node 15 out of 197
CONNECTION: aladdin.planetlab.extranet.uni-passau.de
NOLOGIN 
--------------------------------
Node 16 out of 197
NO CONNECTION: planetlab2.hiit.fi
--------------------------------
Node 17 out of 197
NO CONNECTION: planetlab1.hiit.fi
--------------------------------
Node 18 out of 197
CONNECTION: salt.planetlab.cs.umd.edu
LOGGED IN
salt.planetlab.cs.umd.edu|2|16K|9.6G|5:04|1.43, 1.13, 0.93|07:01:50|No PHP
--------------------------------
Node 19 out of 197
CONNECTION: planetlab1.ustc.edu.cn
LOGGED IN
planetlab1.ustc.edu.cn|2|16K|9.6G|6:13|1.57, 1.78, 1.82|07:01:56|No PHP
--------------------------------
Node 20 out of 197
CONNECTION: planetlab1.utdallas.edu
LOGGED IN
planetlab1.utdallas.edu|2|16K|9.6G|4:18|8.60, 7.73, 8.11|07:02:02|No PHP
--------------------------------
Node 21 out of 197
NO CONNECTION: planetlab-2.cs.colostate.edu
--------------------------------
Node 22 out of 197
CONNECTION: planetlab2.jcp-consult.net
LOGGED IN
planetlab2.jcp-consult.net|2|16K|9.6G|5:59|2.38, 2.44, 2.41|07:02:06|No PHP
--------------------------------
Node 23 out of 197
CONNECTION: pl2.6test.edu.cn
LOGGED IN
pl2.6test.edu.cn|2|16K|9.6G|6:03|2.70, 2.60, 2.46|07:02:10|No PHP
--------------------------------
Node 24 out of 197
CONNECTION: lefthand.eecs.harvard.edu
LOGGED IN
lefthand.eecs.harvard.edu|2|20K|9.6G|6:14|8.28, 8.68, 8.51|07:02:12|No PHP
--------------------------------
Node 25 out of 197
NO CONNECTION: planetlab01.dis.unina.it
--------------------------------
Node 26 out of 197
CONNECTION: planetlab1.jcp-consult.net
NOLOGIN 
--------------------------------
Node 27 out of 197
CONNECTION: planetlab-2.cse.ohio-state.edu
NOLOGIN 
--------------------------------
Node 28 out of 197
CONNECTION: planetlab2.utdallas.edu
LOGGED IN
planetlab2.utdallas.edu|2|16K|9.6G|6:04|10.83, 8.14, 7.09|07:02:22|No PHP
--------------------------------
Node 29 out of 197
CONNECTION: planetlab3.wail.wisc.edu
LOGGED IN
planetlab3.wail.wisc.edu|2|16K|9.6G|5:05|6.84, 7.84, 8.53|07:02:23|No PHP
--------------------------------
Node 30 out of 197
NO CONNECTION: ple01.fc.univie.ac.at
--------------------------------
Node 31 out of 197
NO CONNECTION: onelab1.warsaw.rd.tp.pl
--------------------------------
Node 32 out of 197
CONNECTION: planetlab2.cs.uml.edu
LOGGED IN
planetlab2.cs.uml.edu|2|16K|9.6G|6:26|0.81, 1.20, 1.50|07:02:28|No PHP
--------------------------------
Node 33 out of 197
CONNECTION: host4.planetlab.informatik.tu-darmstadt.de
NOLOGIN 
--------------------------------
Node 34 out of 197
NO CONNECTION: planetlab-1.imperial.ac.uk
--------------------------------
Node 35 out of 197
NO CONNECTION: planetlab-2.imag.fr
--------------------------------
Node 36 out of 197
CONNECTION: dplanet1.uoc.edu
LOGGED IN
dplanet1.uoc.edu|2|16K|9.6G|6:03|0.50, 0.48, 0.45|07:02:35|No PHP
--------------------------------
Node 37 out of 197
CONNECTION: planetlab2.upc.es
LOGGED IN
planetlab2.upc.es|2|16K|9.6G|5:56|3.11, 3.05, 2.95|07:02:37|No PHP
--------------------------------
Node 38 out of 197
CONNECTION: utet.ii.uam.es
LOGGED IN
utet.ii.uam.es|2|16K|9.6G|5:43|0.99, 1.32, 1.25|07:02:39|No PHP
--------------------------------
Node 39 out of 197
CONNECTION: planetlab1.utt.fr
LOGGED IN
planetlab1.utt.fr|2|16K|9.6G|5:55|2.18, 2.49, 2.40|07:02:41|No PHP
--------------------------------
Node 40 out of 197
CONNECTION: planetlab1.sfc.wide.ad.jp
LOGGED IN
planetlab1.sfc.wide.ad.jp|2|16K|9.6G|5:47|6.97, 5.10, 4.82|07:02:44|No PHP
--------------------------------
Node 41 out of 197
CONNECTION: planetlab1.uta.edu
LOGGED IN
planetlab1.uta.edu|2|16K|9.6G|4:25|296.86, 295.86, 293.09|07:02:45|No PHP
--------------------------------
Node 42 out of 197
CONNECTION: planetlab1.cnis.nyit.edu
NOLOGIN 
--------------------------------
Node 43 out of 197
CONNECTION: pl2.cs.montana.edu
LOGGED IN
pl2.cs.montana.edu|2|16K|9.6G|6:19|1.95, 2.45, 2.26|07:02:48|No PHP
--------------------------------
Node 44 out of 197
CONNECTION: planetlab3.net.in.tum.de
LOGGED IN
planetlab3.net.in.tum.de|2|4|79G|3 days 14:01|0.34, 0.37, 0.41|07:02:50|No PHP
--------------------------------
Node 45 out of 197
